\BOOKMARK [0][-]{chapter*.3}{\376\377\003\240\003\265\003\301\003\271\003\265\003\307\003\314\003\274\003\265\003\275\003\261}{}% 1
\BOOKMARK [0][-]{chapter*.4}{\376\377\003\232\003\261\003\304\003\254\003\273\003\277\003\263\003\277\003\302\000\040\003\303\003\307\003\267\003\274\003\254\003\304\003\311\003\275}{}% 2
\BOOKMARK [0][-]{chapter.1}{\376\377\000I\000n\000t\000r\000o\000d\000u\000c\000t\000i\000o\000n}{}% 3
\BOOKMARK [1][-]{section.1.1}{\376\377\003\223\003\265\003\275\003\271\003\272\003\254}{chapter.1}% 4
\BOOKMARK [1][-]{section.1.2}{\376\377\003\243\003\272\003\277\003\300\003\314\003\302}{chapter.1}% 5
\BOOKMARK [1][-]{section.1.3}{\376\377\003\224\003\277\003\274\003\256\000\040\003\304\003\267\003\302\000\040\003\265\003\301\003\263\003\261\003\303\003\257\003\261\003\302}{chapter.1}% 6
\BOOKMARK [0][-]{chapter.2}{\376\377\003\243\003\307\003\265\003\304\003\271\003\272\003\254\000\040\003\303\003\305\003\303\003\304\003\256\003\274\003\261\003\304\003\261\000\040\003\272\003\261\003\271\000\040\003\265\003\301\003\263\003\261\003\303\003\257\003\265\003\302}{}% 7
\BOOKMARK [1][-]{section.2.1}{\376\377\003\223\003\301\003\254\003\306\003\277\003\275\003\304\003\261\003\302\000\040\003\314\003\274\003\277\003\301\003\306\003\265\003\302\000\040\003\265\003\301\003\263\003\261\003\303\003\257\003\265\003\302\000:\000\040\000L\000a\000T\000e\000X}{chapter.2}% 8
\BOOKMARK [1][-]{section.2.2}{\376\377\003\224\003\277\003\274\003\256\000\040\003\265\003\275\003\314\003\302\000\040\003\261\003\301\003\307\003\265\003\257\003\277\003\305\000\040\003\303\003\265\000\040\000L\000a\000T\000e\000X}{chapter.2}% 9
\BOOKMARK [1][-]{section.2.3}{\376\377\003\240\003\261\003\301\003\261\003\264\003\265\003\257\003\263\003\274\003\261\003\304\003\261\000\040\003\307\003\301\003\256\003\303\003\267\003\302}{chapter.2}% 10
\BOOKMARK [2][-]{subsection.2.3.1}{\376\377\003\237\003\301\003\271\003\303\003\274\003\277\003\257\000,\000\040\003\270\003\265\003\311\003\301\003\256\003\274\003\261\003\304\003\261\000,\000\040\003\261\003\300\003\277\003\264\003\265\003\257\003\276\003\265\003\271\003\302}{section.2.3}% 11
\BOOKMARK [2][-]{subsection.2.3.2}{\376\377\003\221\003\275\003\261\003\306\003\277\003\301\003\255\003\302}{section.2.3}% 12
\BOOKMARK [2][-]{subsection.2.3.3}{\376\377\003\240\003\257\003\275\003\261\003\272\003\265\003\302}{section.2.3}% 13
\BOOKMARK [2][-]{subsection.2.3.4}{\376\377\003\243\003\315\003\275\003\264\003\265\003\303\003\274\003\277\003\271}{section.2.3}% 14
\BOOKMARK [2][-]{subsection.2.3.5}{\376\377\003\232\003\316\003\264\003\271\003\272\003\261\003\302}{section.2.3}% 15
\BOOKMARK [2][-]{subsection.2.3.6}{\376\377\003\221\003\273\003\263\003\314\003\301\003\271\003\270\003\274\003\277\003\302}{section.2.3}% 16
\BOOKMARK [2][-]{subsection.2.3.7}{\376\377\003\234\003\261\003\270\003\267\003\274\003\261\003\304\003\271\003\272\003\254}{section.2.3}% 17
\BOOKMARK [1][-]{section.2.4}{\376\377\003\225\003\271\003\272\003\314\003\275\003\265\003\302}{chapter.2}% 18
\BOOKMARK [1][-]{section.2.5}{\376\377\003\223\003\265\003\275\003\271\003\272\003\254\000\040\003\303\003\307\003\314\003\273\003\271\003\261\000\040\003\263\003\271\003\261\000\040\003\304\003\261\000\040\003\272\003\265\003\257\003\274\003\265\003\275\003\254\000\040\003\303\003\261\003\302}{chapter.2}% 19
\BOOKMARK [0][-]{chapter.3}{\376\377\000M\000e\000L}{}% 20
\BOOKMARK [1][-]{section.3.1}{\376\377\003\221\003\301\003\307\003\271\003\304\003\265\003\272\003\304\003\277\003\275\003\271\003\272\003\256\000\040\003\303\003\305\003\303\003\304\003\256\003\274\003\261\003\304\003\277\003\302}{chapter.3}% 21
\BOOKMARK [2][-]{subsection.3.1.1}{\376\377\000A\000p\000a\000c\000h\000e\000\040\000S\000e\000r\000v\000e\000r}{section.3.1}% 22
\BOOKMARK [2][-]{subsection.3.1.2}{\376\377\000P\000o\000s\000t\000g\000r\000e\000S\000Q\000L}{section.3.1}% 23
\BOOKMARK [2][-]{subsection.3.1.3}{\376\377\000H\000T\000M\000L}{section.3.1}% 24
\BOOKMARK [2][-]{subsection.3.1.4}{\376\377\000P\000H\000P}{section.3.1}% 25
\BOOKMARK [2][-]{subsection.3.1.5}{\376\377\000C\000S\000S}{section.3.1}% 26
\BOOKMARK [2][-]{subsection.3.1.6}{\376\377\000j\000Q\000u\000e\000r\000y}{section.3.1}% 27
\BOOKMARK [1][-]{section.3.2}{\376\377\003\222\003\254\003\303\003\267\000\040\003\224\003\265\003\264\003\277\003\274\003\255\003\275\003\311\003\275}{chapter.3}% 28
\BOOKMARK [2][-]{subsection.3.2.1}{\376\377\003\243\003\307\003\256\003\274\003\261\000\040\003\304\003\267\003\302\000\040\003\222\003\254\003\303\003\267\003\302\000\040\003\224\003\265\003\264\003\277\003\274\003\255\003\275\003\311\003\275}{section.3.2}% 29
\BOOKMARK [2][-]{subsection.3.2.2}{\376\377\003\240\003\257\003\275\003\261\003\272\003\265\003\302\000\040\003\222\003\254\003\303\003\267\003\302\000\040\003\224\003\265\003\264\003\277\003\274\003\255\003\275\003\311\003\275}{section.3.2}% 30
\BOOKMARK [1][-]{section.3.3}{\376\377\003\225\003\263\003\272\003\261\003\304\003\254\003\303\003\304\003\261\003\303\003\267\000\040\003\272\003\261\003\271\000\040\003\261\003\300\003\261\003\271\003\304\003\256\003\303\003\265\003\271\003\302}{chapter.3}% 31
\BOOKMARK [0][-]{chapter.4}{\376\377\003\233\003\265\003\271\003\304\003\277\003\305\003\301\003\263\003\257\003\265\003\302\000\040\003\304\003\277\003\305\000\040\000M\000e\000L}{}% 32
\BOOKMARK [1][-]{section.4.1}{\376\377\003\240\003\301\003\316\003\304\003\267\000\040\003\265\003\300\003\261\003\306\003\256}{chapter.4}% 33
\BOOKMARK [2][-]{subsection.4.1.1}{\376\377\003\221\003\301\003\307\003\271\003\272\003\256\000\040\003\303\003\265\003\273\003\257\003\264\003\261}{section.4.1}% 34
\BOOKMARK [2][-]{subsection.4.1.2}{\376\377\003\224\003\267\003\274\003\271\003\277\003\305\003\301\003\263\003\257\003\261\000\040\003\273\003\277\003\263\003\261\003\301\003\271\003\261\003\303\003\274\003\277\003\315}{section.4.1}% 35
\BOOKMARK [1][-]{section.4.2}{\376\377\003\233\003\265\003\271\003\304\003\277\003\305\003\301\003\263\003\257\003\265\003\302\000\040\003\274\003\265\003\273\003\316\003\275\000\040\003\304\003\267\003\302\000\040\003\300\003\273\003\261\003\304\003\306\003\314\003\301\003\274\003\261\003\302}{chapter.4}% 36
\BOOKMARK [2][-]{subsection.4.2.1}{\376\377\003\225\003\257\003\303\003\277\003\264\003\277\003\302\000\040\003\303\003\304\003\267\003\275\000\040\003\300\003\273\003\261\003\304\003\306\003\314\003\301\003\274\003\261}{section.4.2}% 37
\BOOKMARK [2][-]{subsection.4.2.2}{\376\377\003\221\003\301\003\307\003\271\003\272\003\256\000\040\003\303\003\265\003\273\003\257\003\264\003\261\000\040\003\274\003\255\003\273\003\277\003\305\003\302}{section.4.2}% 38
\BOOKMARK [2][-]{subsection.4.2.3}{\376\377\003\225\003\300\003\265\003\276\003\265\003\301\003\263\003\261\003\303\003\257\003\261\000\040\003\300\003\301\003\277\003\306\003\257\003\273}{section.4.2}% 39
\BOOKMARK [2][-]{subsection.4.2.4}{\376\377\000.\000.\000.}{section.4.2}% 40
\BOOKMARK [1][-]{section.4.3}{\376\377\003\233\003\265\003\271\003\304\003\277\003\305\003\301\003\263\003\257\003\265\003\302\000\040\003\264\003\271\003\261\003\307\003\265\003\271\003\301\003\271\003\303\003\304\003\316\003\275\000\040\003\304\003\267\003\302\000\040\003\300\003\273\003\261\003\304\003\306\003\314\003\301\003\274\003\261\003\302}{chapter.4}% 41
\BOOKMARK [2][-]{subsection.4.3.1}{\376\377\003\224\003\267\003\274\003\271\003\277\003\305\003\301\003\263\003\257\003\261\000/\003\225\003\300\003\265\003\276\003\265\003\301\003\263\003\261\003\303\003\257\003\261\000\040\003\272\003\261\003\304\003\267\003\263\003\277\003\301\003\257\003\261\003\302}{section.4.3}% 42
\BOOKMARK [2][-]{subsection.4.3.2}{\376\377\000.\000.\000.}{section.4.3}% 43
\BOOKMARK [1][-]{section.4.4}{\376\377\003\233\003\265\003\271\003\304\003\277\003\305\003\301\003\263\003\257\003\265\003\302\000\040\003\305\003\300\003\255\003\301\000-\003\264\003\271\003\261\003\307\003\265\003\271\003\301\003\271\003\303\003\304\003\256\000\040\003\304\003\267\003\302\000\040\003\300\003\273\003\261\003\304\003\306\003\314\003\301\003\274\003\261\003\302}{chapter.4}% 44
\BOOKMARK [0][-]{chapter.5}{\376\377\003\225\003\306\003\261\003\301\003\274\003\277\003\263\003\256\000\040\000A\000n\000d\000r\000o\000i\000d}{}% 45
\BOOKMARK [1][-]{section.5.1}{\376\377\003\225\003\271\003\303\003\261\003\263\003\311\003\263\003\256\000\040\003\303\003\304\003\277\000\040\000A\000n\000d\000r\000o\000i\000d}{chapter.5}% 46
\BOOKMARK [2][-]{subsection.5.1.1}{\376\377\003\221\003\301\003\307\003\271\003\304\003\265\003\272\003\304\003\277\003\275\003\271\003\272\003\256}{section.5.1}% 47
\BOOKMARK [1][-]{section.5.2}{\376\377\003\225\003\306\003\261\003\301\003\274\003\277\003\263\003\256\000\040\000M\000e\000L}{chapter.5}% 48
\BOOKMARK [2][-]{subsection.5.2.1}{\376\377\003\233\003\265\003\271\003\304\003\277\003\305\003\301\003\263\003\257\003\265\003\302\000\040\003\265\003\306\003\261\003\301\003\274\003\277\003\263\003\256\003\302}{section.5.2}% 49
\BOOKMARK [1][-]{section.5.3}{\376\377\003\224\003\271\003\261\003\306\003\277\003\301\003\255\003\302\000\040\003\265\003\306\003\261\003\301\003\274\003\277\003\263\003\256\003\302\000\040\003\272\003\261\003\271\000\040\003\300\003\273\003\261\003\304\003\306\003\314\003\301\003\274\003\261\003\302\000\040\000M\000e\000L}{chapter.5}% 50
\BOOKMARK [1][-]{section.5.4}{\376\377\003\243\003\315\003\275\003\277\003\310\003\267}{chapter.5}% 51
\BOOKMARK [0][-]{chapter.6}{\376\377\003\243\003\305\003\274\003\300\003\265\003\301\003\254\003\303\003\274\003\261\003\304\003\261\000\040\003\272\003\261\003\271\000\040\003\274\003\265\003\273\003\273\003\277\003\275\003\304\003\271\003\272\003\255\003\302\000\040\003\265\003\300\003\265\003\272\003\304\003\254\003\303\003\265\003\271\003\302}{}% 52
\BOOKMARK [1][-]{section.6.1}{\376\377\003\243\003\305\003\274\003\300\003\265\003\301\003\254\003\303\003\274\003\261\003\304\003\261}{chapter.6}% 53
\BOOKMARK [1][-]{section.6.2}{\376\377\003\234\003\265\003\273\003\273\003\277\003\275\003\304\003\271\003\272\003\255\003\302\000\040\003\265\003\300\003\265\003\272\003\304\003\254\003\303\003\265\003\271\003\302}{chapter.6}% 54
\BOOKMARK [0][-]{chapter.7}{\376\377\000\050\003\240\003\261\003\301\003\254\003\264\003\265\003\271\003\263\003\274\003\261\000\051\000\040\003\232\003\265\003\306\003\254\003\273\003\261\003\271\003\277\000\040\000-\000\040\000C\000h\000a\000p\000t\000e\000r}{}% 55
\BOOKMARK [1][-]{section.7.1}{\376\377\003\225\003\275\003\314\003\304\003\267\003\304\003\261\000\040\000-\000\040\000S\000e\000c\000t\000i\000o\000n}{chapter.7}% 56
\BOOKMARK [2][-]{subsection.7.1.1}{\376\377\003\245\003\300\003\314\000-\003\225\003\275\003\314\003\304\003\267\003\304\003\261\000\040\000-\000\040\000S\000u\000b\000-\000S\000e\000c\000t\000i\000o\000n}{section.7.1}% 57
