This is pdfTeX, Version 3.141592653-2.6-1.40.26 (TeX Live 2024/Homebrew) (preloaded format=latex 2025.1.26)  28 MAR 2026 13:27
entering extended mode
 restricted \write18 enabled.
 %&-line parsing enabled.
**\makeatletter\def\HCode{\futurelet\HCode\HChar}\def\HChar{\ifx"\HCode\def\HCo
de"##1"{\Link##1}\expandafter\HCode\else\expandafter\Link\fi}\def\Link#1.a.b.c.
{\let\HCode\documentstyle\def\documentstyle{\let\documentstyle\HCode\expandafte
r\def\csname tex4ht\endcsname{#1,html}\def\HCode####1{\documentstyle[tex4ht,}\@
ifnextchar[{\HCode}{\documentstyle[tex4ht]}}\RequirePackage[#1,html]{tex4ht}}\m
akeatother\HCode xhtml,,charset=utf-8,html5.a.b.c.\input "\detokenize{Saunkin.t
ex}"

(/opt/homebrew/Cellar/texlive/20240312_3/share/texmf-dist/tex/generic/tex4ht/te
x4ht.sty
version 2024-01-23-13:44
Package: tex4ht 
--------------------------------------
--- Note --- for _ at preamble, use the command line option `early_'
--------------------------------------
--------------------------------------
--- Note --- for ^ at preamble, use the command line option `early^'
--------------------------------------
\tmp:toks=\toks17
) (./Saunkin.tex
(/opt/homebrew/Cellar/texlive/20240312_3/share/texmf-dist/tex/generic/tex4ht/us
epackage.4ht
version 2024-03-05-14:34
)
(/opt/homebrew/Cellar/texlive/20240312_3/share/texmf-dist/tex/latex/base/book.c
ls
Document Class: book 2023/05/17 v1.4n Standard LaTeX document class

(/opt/homebrew/Cellar/texlive/20240312_3/share/texmf-dist/tex/latex/base/bk12.c
lo
File: bk12.clo 2023/05/17 v1.4n Standard LaTeX file (size option)
)
\c@part=\count188
\c@chapter=\count189
\c@section=\count190
\c@subsection=\count191
\c@subsubsection=\count192
\c@paragraph=\count193
\c@subparagraph=\count194
\c@figure=\count195
\c@table=\count196
\abovecaptionskip=\skip48
\belowcaptionskip=\skip49
\bibindent=\dimen140
) (./include/macros.tex
(/opt/homebrew/Cellar/texlive/20240312_3/share/texmf-dist/tex/generic/tex4ht/hy
perref-hooks.4ht
version 2023-09-17-08:01
)
(/opt/homebrew/Cellar/texlive/20240312_3/share/texmf-dist/tex/latex/hyperref/hy
perref.sty
Package: hyperref 2024-01-20 v7.01h Hypertext links for LaTeX

(/opt/homebrew/Cellar/texlive/20240312_3/share/texmf-dist/tex/generic/iftex/ift
ex.sty
Package: iftex 2022/02/03 v1.0f TeX engine tests
)
(/opt/homebrew/Cellar/texlive/20240312_3/share/texmf-dist/tex/latex/graphics/ke
yval.sty
Package: keyval 2022/05/29 v1.15 key=value parser (DPC)
\KV@toks@=\toks18
)
(/opt/homebrew/Cellar/texlive/20240312_3/share/texmf-dist/tex/latex/kvsetkeys/k
vsetkeys.sty
Package: kvsetkeys 2022-10-05 v1.19 Key value parser (HO)
)
(/opt/homebrew/Cellar/texlive/20240312_3/share/texmf-dist/tex/generic/kvdefinek
eys/kvdefinekeys.sty
Package: kvdefinekeys 2019-12-19 v1.6 Define keys (HO)
)
(/opt/homebrew/Cellar/texlive/20240312_3/share/texmf-dist/tex/generic/pdfescape
/pdfescape.sty
Package: pdfescape 2019/12/09 v1.15 Implements pdfTeX's escape features (HO)

(/opt/homebrew/Cellar/texlive/20240312_3/share/texmf-dist/tex/generic/ltxcmds/l
txcmds.sty
Package: ltxcmds 2023-12-04 v1.26 LaTeX kernel commands for general use (HO)
)
(/opt/homebrew/Cellar/texlive/20240312_3/share/texmf-dist/tex/generic/pdftexcmd
s/pdftexcmds.sty
Package: pdftexcmds 2020-06-27 v0.33 Utility functions of pdfTeX for LuaTeX (HO
)

(/opt/homebrew/Cellar/texlive/20240312_3/share/texmf-dist/tex/generic/infwarerr
/infwarerr.sty
Package: infwarerr 2019/12/03 v1.5 Providing info/warning/error messages (HO)
)
Package pdftexcmds Info: \pdf@primitive is available.
Package pdftexcmds Info: \pdf@ifprimitive is available.
Package pdftexcmds Info: \pdfdraftmode is ignored in DVI mode.
))
(/opt/homebrew/Cellar/texlive/20240312_3/share/texmf-dist/tex/latex/hycolor/hyc
olor.sty
Package: hycolor 2020-01-27 v1.10 Color options for hyperref/bookmark (HO)
)
(/opt/homebrew/Cellar/texlive/20240312_3/share/texmf-dist/tex/latex/auxhook/aux
hook.sty
Package: auxhook 2019-12-17 v1.6 Hooks for auxiliary files (HO)

Package auxhook Warning: Cannot patch \document,
(auxhook)                using \AtBeginDocument instead.

)
(/opt/homebrew/Cellar/texlive/20240312_3/share/texmf-dist/tex/latex/hyperref/na
meref.sty
Package: nameref 2023-11-26 v2.56 Cross-referencing by name of section

(/opt/homebrew/Cellar/texlive/20240312_3/share/texmf-dist/tex/latex/refcount/re
fcount.sty
Package: refcount 2019/12/15 v3.6 Data extraction from label references (HO)
)
(/opt/homebrew/Cellar/texlive/20240312_3/share/texmf-dist/tex/generic/gettitles
tring/gettitlestring.sty
Package: gettitlestring 2019/12/15 v1.6 Cleanup title references (HO)

(/opt/homebrew/Cellar/texlive/20240312_3/share/texmf-dist/tex/latex/kvoptions/k
voptions.sty
Package: kvoptions 2022-06-15 v3.15 Key value format for package options (HO)
))
\c@section@level=\count197
)
(/opt/homebrew/Cellar/texlive/20240312_3/share/texmf-dist/tex/latex/etoolbox/et
oolbox.sty
Package: etoolbox 2020/10/05 v2.5k e-TeX tools for LaTeX (JAW)
\etb@tempcnta=\count198
)
\@linkdim=\dimen141
\Hy@linkcounter=\count199
\Hy@pagecounter=\count266

(/opt/homebrew/Cellar/texlive/20240312_3/share/texmf-dist/tex/latex/hyperref/pd
1enc.def
File: pd1enc.def 2024-01-20 v7.01h Hyperref: PDFDocEncoding definition (HO)
Now handling font encoding PD1 ...
... no UTF-8 mapping file for font encoding PD1
)
(/opt/homebrew/Cellar/texlive/20240312_3/share/texmf-dist/tex/generic/intcalc/i
ntcalc.sty
Package: intcalc 2019/12/15 v1.3 Expandable calculations with integers (HO)
)
\Hy@SavedSpaceFactor=\count267

(/opt/homebrew/Cellar/texlive/20240312_3/share/texmf-dist/tex/latex/hyperref/pu
enc.def
File: puenc.def 2024-01-20 v7.01h Hyperref: PDF Unicode definition (HO)
Now handling font encoding PU ...
... no UTF-8 mapping file for font encoding PU
)
Package hyperref Info: Option `colorlinks' set `true' on input line 4062.
Package hyperref Info: Option `colorlinks' set `true' on input line 4062.
Package hyperref Info: Option `linktocpage' set `true' on input line 4062.
Package hyperref Info: Hyper figures OFF on input line 4179.
Package hyperref Info: Link nesting OFF on input line 4184.
Package hyperref Info: Hyper index ON on input line 4187.
Package hyperref Info: Plain pages OFF on input line 4194.
Package hyperref Info: Backreferencing OFF on input line 4199.
Package hyperref Info: Implicit mode ON; LaTeX internals redefined.
Package hyperref Info: Bookmarks ON on input line 4446.
\c@Hy@tempcnt=\count268

(/opt/homebrew/Cellar/texlive/20240312_3/share/texmf-dist/tex/latex/url/url.sty
\Urlmuskip=\muskip16
Package: url 2013/09/16  ver 3.4  Verb mode for urls, etc.
)
LaTeX Info: Redefining \url on input line 4784.
\XeTeXLinkMargin=\dimen142

(/opt/homebrew/Cellar/texlive/20240312_3/share/texmf-dist/tex/generic/bitset/bi
tset.sty
Package: bitset 2019/12/09 v1.3 Handle bit-vector datatype (HO)

(/opt/homebrew/Cellar/texlive/20240312_3/share/texmf-dist/tex/generic/bigintcal
c/bigintcalc.sty
Package: bigintcalc 2019/12/15 v1.5 Expandable calculations on big integers (HO
)
))
\Fld@menulength=\count269
\Field@Width=\dimen143
\Fld@charsize=\dimen144
\Field@toks=\toks19
Package hyperref Info: Hyper figures OFF on input line 6063.
Package hyperref Info: Link nesting OFF on input line 6068.
Package hyperref Info: Hyper index ON on input line 6071.
Package hyperref Info: backreferencing OFF on input line 6078.
Package hyperref Info: Link coloring ON on input line 6081.
Package hyperref Info: Link coloring with OCG OFF on input line 6088.
Package hyperref Info: PDF/A mode OFF on input line 6093.

(/opt/homebrew/Cellar/texlive/20240312_3/share/texmf-dist/tex/latex/base/atbegs
hi-ltx.sty
Package: atbegshi-ltx 2021/01/10 v1.0c Emulation of the original atbegshi
package with kernel methods
)
\Hy@abspage=\count270

Package hyperref Message: Stopped early.

)
Package hyperref Info: Driver: htex4ht.

(/opt/homebrew/Cellar/texlive/20240312_3/share/texmf-dist/tex/latex/hyperref/ht
ex4ht.def
File: htex4ht.def 2024-01-20 v7.01h Hyperref driver for TeX4ht
Package hyperref Info: tex4ht is already loaded.
)
(/opt/homebrew/Cellar/texlive/20240312_3/share/texmf-dist/tex/latex/amsmath/ams
math.sty
Package: amsmath 2023/05/13 v2.17o AMS math features
\@mathmargin=\skip50
For additional information on amsmath, use the `?' option.

(/opt/homebrew/Cellar/texlive/20240312_3/share/texmf-dist/tex/latex/amsmath/ams
text.sty
Package: amstext 2021/08/26 v2.01 AMS text

(/opt/homebrew/Cellar/texlive/20240312_3/share/texmf-dist/tex/latex/amsmath/ams
gen.sty
File: amsgen.sty 1999/11/30 v2.0 generic functions
\@emptytoks=\toks20
\ex@=\dimen145
))
(/opt/homebrew/Cellar/texlive/20240312_3/share/texmf-dist/tex/latex/amsmath/ams
bsy.sty
Package: amsbsy 1999/11/29 v1.2d Bold Symbols
\pmbraise@=\dimen146
)
(/opt/homebrew/Cellar/texlive/20240312_3/share/texmf-dist/tex/latex/amsmath/ams
opn.sty
Package: amsopn 2022/04/08 v2.04 operator names
)
\inf@bad=\count271
LaTeX Info: Redefining \frac on input line 234.
\uproot@=\count272
\leftroot@=\count273
LaTeX Info: Redefining \overline on input line 399.
LaTeX Info: Redefining \colon on input line 410.
\classnum@=\count274
\DOTSCASE@=\count275
LaTeX Info: Redefining \ldots on input line 496.
LaTeX Info: Redefining \dots on input line 499.
LaTeX Info: Redefining \cdots on input line 620.
\Mathstrutbox@=\box51
\strutbox@=\box52
LaTeX Info: Redefining \big on input line 722.
LaTeX Info: Redefining \Big on input line 723.
LaTeX Info: Redefining \bigg on input line 724.
LaTeX Info: Redefining \Bigg on input line 725.
\big@size=\dimen147
LaTeX Font Info:    Redeclaring font encoding OML on input line 743.
LaTeX Font Info:    Redeclaring font encoding OMS on input line 744.
\macc@depth=\count276
LaTeX Info: Redefining \bmod on input line 905.
LaTeX Info: Redefining \pmod on input line 910.
LaTeX Info: Redefining \smash on input line 940.
LaTeX Info: Redefining \relbar on input line 970.
LaTeX Info: Redefining \Relbar on input line 971.
\c@MaxMatrixCols=\count277
\dotsspace@=\muskip17
\c@parentequation=\count278
\dspbrk@lvl=\count279
\tag@help=\toks21
\row@=\count280
\column@=\count281
\maxfields@=\count282
\andhelp@=\toks22
\eqnshift@=\dimen148
\alignsep@=\dimen149
\tagshift@=\dimen150
\tagwidth@=\dimen151
\totwidth@=\dimen152
\lineht@=\dimen153
\@envbody=\toks23
\multlinegap=\skip51
\multlinetaggap=\skip52
\mathdisplay@stack=\toks24
LaTeX Info: Redefining \[ on input line 2953.
LaTeX Info: Redefining \] on input line 2954.
)
(/opt/homebrew/Cellar/texlive/20240312_3/share/texmf-dist/tex/generic/tex4ht/ba
bel-sty-hooks.4ht
version 2022-11-21-13:02
)
(/opt/homebrew/Cellar/texlive/20240312_3/share/texmf-dist/tex/generic/babel/bab
el.sty
Package: babel 2024/02/07 v24.2 The Babel package
\babel@savecnt=\count283
\U@D=\dimen154
\l@unhyphenated=\language89

(/opt/homebrew/Cellar/texlive/20240312_3/share/texmf-dist/tex/generic/babel/txt
babel.def)
\bbl@readstream=\read2
\bbl@dirlevel=\count284

(/opt/homebrew/Cellar/texlive/20240312_3/share/texmf-dist/tex/generic/babel-gre
ek/greek.ldf
Language: greek 2023/10/13 1.15 Greek support for the babel system
\bbl@monogreek=\count285
\bbl@polygreek=\count286
\bbl@ancientgreek=\count287

(/opt/homebrew/Cellar/texlive/20240312_3/share/texmf-dist/tex/latex/greek-fonte
nc/lgrenc.def
File: lgrenc.def 2023-09-12 2.5 LGR Greek font encoding definitions
Now handling font encoding LGR ...
... processing UTF-8 mapping file for font encoding LGR

(/opt/homebrew/Cellar/texlive/20240312_3/share/texmf-dist/tex/latex/greek-input
enc/lgrenc.dfu
File: lgrenc.dfu 2023-03-21 1.9 UTF-8 support for Greek
   defining Unicode char U+00A8 (decimal 168)
   defining Unicode char U+00AB (decimal 171)
   defining Unicode char U+00AF (decimal 175)
   defining Unicode char U+00B4 (decimal 180)
   defining Unicode char U+00B7 (decimal 183)
   defining Unicode char U+00BB (decimal 187)
   defining Unicode char U+0259 (decimal 601)
   defining Unicode char U+02D8 (decimal 728)
   defining Unicode char U+0374 (decimal 884)
   defining Unicode char U+0375 (decimal 885)
   defining Unicode char U+037A (decimal 890)
   defining Unicode char U+037E (decimal 894)
   defining Unicode char U+0384 (decimal 900)
   defining Unicode char U+0385 (decimal 901)
   defining Unicode char U+0386 (decimal 902)
   defining Unicode char U+0387 (decimal 903)
   defining Unicode char U+0388 (decimal 904)
   defining Unicode char U+0389 (decimal 905)
   defining Unicode char U+038A (decimal 906)
   defining Unicode char U+038C (decimal 908)
   defining Unicode char U+038E (decimal 910)
   defining Unicode char U+038F (decimal 911)
   defining Unicode char U+0390 (decimal 912)
   defining Unicode char U+0391 (decimal 913)
   defining Unicode char U+0392 (decimal 914)
   defining Unicode char U+0393 (decimal 915)
   defining Unicode char U+0394 (decimal 916)
   defining Unicode char U+0395 (decimal 917)
   defining Unicode char U+0396 (decimal 918)
   defining Unicode char U+0397 (decimal 919)
   defining Unicode char U+0398 (decimal 920)
   defining Unicode char U+0399 (decimal 921)
   defining Unicode char U+039A (decimal 922)
   defining Unicode char U+039B (decimal 923)
   defining Unicode char U+039C (decimal 924)
   defining Unicode char U+039D (decimal 925)
   defining Unicode char U+039E (decimal 926)
   defining Unicode char U+039F (decimal 927)
   defining Unicode char U+03A0 (decimal 928)
   defining Unicode char U+03A1 (decimal 929)
   defining Unicode char U+03A3 (decimal 931)
   defining Unicode char U+03A4 (decimal 932)
   defining Unicode char U+03A5 (decimal 933)
   defining Unicode char U+03A6 (decimal 934)
   defining Unicode char U+03A7 (decimal 935)
   defining Unicode char U+03A8 (decimal 936)
   defining Unicode char U+03A9 (decimal 937)
   defining Unicode char U+03AA (decimal 938)
   defining Unicode char U+03AB (decimal 939)
   defining Unicode char U+03AC (decimal 940)
   defining Unicode char U+03AD (decimal 941)
   defining Unicode char U+03AE (decimal 942)
   defining Unicode char U+03AF (decimal 943)
   defining Unicode char U+03B0 (decimal 944)
   defining Unicode char U+03B1 (decimal 945)
   defining Unicode char U+03B2 (decimal 946)
   defining Unicode char U+03B3 (decimal 947)
   defining Unicode char U+03B4 (decimal 948)
   defining Unicode char U+03B5 (decimal 949)
   defining Unicode char U+03B6 (decimal 950)
   defining Unicode char U+03B7 (decimal 951)
   defining Unicode char U+03B8 (decimal 952)
   defining Unicode char U+03B9 (decimal 953)
   defining Unicode char U+03BA (decimal 954)
   defining Unicode char U+03BB (decimal 955)
   defining Unicode char U+03BC (decimal 956)
   defining Unicode char U+03BD (decimal 957)
   defining Unicode char U+03BE (decimal 958)
   defining Unicode char U+03BF (decimal 959)
   defining Unicode char U+03C0 (decimal 960)
   defining Unicode char U+03C1 (decimal 961)
   defining Unicode char U+03C2 (decimal 962)
   defining Unicode char U+03C3 (decimal 963)
   defining Unicode char U+03C4 (decimal 964)
   defining Unicode char U+03C5 (decimal 965)
   defining Unicode char U+03C6 (decimal 966)
   defining Unicode char U+03C7 (decimal 967)
   defining Unicode char U+03C8 (decimal 968)
   defining Unicode char U+03C9 (decimal 969)
   defining Unicode char U+03CA (decimal 970)
   defining Unicode char U+03CB (decimal 971)
   defining Unicode char U+03CC (decimal 972)
   defining Unicode char U+03CD (decimal 973)
   defining Unicode char U+03CE (decimal 974)
   defining Unicode char U+03D0 (decimal 976)
   defining Unicode char U+03D1 (decimal 977)
   defining Unicode char U+03D5 (decimal 981)
   defining Unicode char U+03D6 (decimal 982)
   defining Unicode char U+03D8 (decimal 984)
   defining Unicode char U+03D9 (decimal 985)
   defining Unicode char U+03DA (decimal 986)
   defining Unicode char U+03DB (decimal 987)
   defining Unicode char U+03DC (decimal 988)
   defining Unicode char U+03DD (decimal 989)
   defining Unicode char U+03DE (decimal 990)
   defining Unicode char U+03DF (decimal 991)
   defining Unicode char U+03E0 (decimal 992)
   defining Unicode char U+03E1 (decimal 993)
   defining Unicode char U+03F0 (decimal 1008)
   defining Unicode char U+03F1 (decimal 1009)
   defining Unicode char U+03F4 (decimal 1012)
   defining Unicode char U+03F5 (decimal 1013)
   defining Unicode char U+1F00 (decimal 7936)
   defining Unicode char U+1F01 (decimal 7937)
   defining Unicode char U+1F02 (decimal 7938)
   defining Unicode char U+1F03 (decimal 7939)
   defining Unicode char U+1F04 (decimal 7940)
   defining Unicode char U+1F05 (decimal 7941)
   defining Unicode char U+1F06 (decimal 7942)
   defining Unicode char U+1F07 (decimal 7943)
   defining Unicode char U+1F08 (decimal 7944)
   defining Unicode char U+1F09 (decimal 7945)
   defining Unicode char U+1F0A (decimal 7946)
   defining Unicode char U+1F0B (decimal 7947)
   defining Unicode char U+1F0C (decimal 7948)
   defining Unicode char U+1F0D (decimal 7949)
   defining Unicode char U+1F0E (decimal 7950)
   defining Unicode char U+1F0F (decimal 7951)
   defining Unicode char U+1F10 (decimal 7952)
   defining Unicode char U+1F11 (decimal 7953)
   defining Unicode char U+1F12 (decimal 7954)
   defining Unicode char U+1F13 (decimal 7955)
   defining Unicode char U+1F14 (decimal 7956)
   defining Unicode char U+1F15 (decimal 7957)
   defining Unicode char U+1F18 (decimal 7960)
   defining Unicode char U+1F19 (decimal 7961)
   defining Unicode char U+1F1A (decimal 7962)
   defining Unicode char U+1F1B (decimal 7963)
   defining Unicode char U+1F1C (decimal 7964)
   defining Unicode char U+1F1D (decimal 7965)
   defining Unicode char U+1F20 (decimal 7968)
   defining Unicode char U+1F21 (decimal 7969)
   defining Unicode char U+1F22 (decimal 7970)
   defining Unicode char U+1F23 (decimal 7971)
   defining Unicode char U+1F24 (decimal 7972)
   defining Unicode char U+1F25 (decimal 7973)
   defining Unicode char U+1F26 (decimal 7974)
   defining Unicode char U+1F27 (decimal 7975)
   defining Unicode char U+1F28 (decimal 7976)
   defining Unicode char U+1F29 (decimal 7977)
   defining Unicode char U+1F2A (decimal 7978)
   defining Unicode char U+1F2B (decimal 7979)
   defining Unicode char U+1F2C (decimal 7980)
   defining Unicode char U+1F2D (decimal 7981)
   defining Unicode char U+1F2E (decimal 7982)
   defining Unicode char U+1F2F (decimal 7983)
   defining Unicode char U+1F30 (decimal 7984)
   defining Unicode char U+1F31 (decimal 7985)
   defining Unicode char U+1F32 (decimal 7986)
   defining Unicode char U+1F33 (decimal 7987)
   defining Unicode char U+1F34 (decimal 7988)
   defining Unicode char U+1F35 (decimal 7989)
   defining Unicode char U+1F36 (decimal 7990)
   defining Unicode char U+1F37 (decimal 7991)
   defining Unicode char U+1F38 (decimal 7992)
   defining Unicode char U+1F39 (decimal 7993)
   defining Unicode char U+1F3A (decimal 7994)
   defining Unicode char U+1F3B (decimal 7995)
   defining Unicode char U+1F3C (decimal 7996)
   defining Unicode char U+1F3D (decimal 7997)
   defining Unicode char U+1F3E (decimal 7998)
   defining Unicode char U+1F3F (decimal 7999)
   defining Unicode char U+1F40 (decimal 8000)
   defining Unicode char U+1F41 (decimal 8001)
   defining Unicode char U+1F42 (decimal 8002)
   defining Unicode char U+1F43 (decimal 8003)
   defining Unicode char U+1F44 (decimal 8004)
   defining Unicode char U+1F45 (decimal 8005)
   defining Unicode char U+1F48 (decimal 8008)
   defining Unicode char U+1F49 (decimal 8009)
   defining Unicode char U+1F4A (decimal 8010)
   defining Unicode char U+1F4B (decimal 8011)
   defining Unicode char U+1F4C (decimal 8012)
   defining Unicode char U+1F4D (decimal 8013)
   defining Unicode char U+1F50 (decimal 8016)
   defining Unicode char U+1F51 (decimal 8017)
   defining Unicode char U+1F52 (decimal 8018)
   defining Unicode char U+1F53 (decimal 8019)
   defining Unicode char U+1F54 (decimal 8020)
   defining Unicode char U+1F55 (decimal 8021)
   defining Unicode char U+1F56 (decimal 8022)
   defining Unicode char U+1F57 (decimal 8023)
   defining Unicode char U+1F59 (decimal 8025)
   defining Unicode char U+1F5B (decimal 8027)
   defining Unicode char U+1F5D (decimal 8029)
   defining Unicode char U+1F5F (decimal 8031)
   defining Unicode char U+1F60 (decimal 8032)
   defining Unicode char U+1F61 (decimal 8033)
   defining Unicode char U+1F62 (decimal 8034)
   defining Unicode char U+1F63 (decimal 8035)
   defining Unicode char U+1F64 (decimal 8036)
   defining Unicode char U+1F65 (decimal 8037)
   defining Unicode char U+1F66 (decimal 8038)
   defining Unicode char U+1F67 (decimal 8039)
   defining Unicode char U+1F68 (decimal 8040)
   defining Unicode char U+1F69 (decimal 8041)
   defining Unicode char U+1F6A (decimal 8042)
   defining Unicode char U+1F6B (decimal 8043)
   defining Unicode char U+1F6C (decimal 8044)
   defining Unicode char U+1F6D (decimal 8045)
   defining Unicode char U+1F6E (decimal 8046)
   defining Unicode char U+1F6F (decimal 8047)
   defining Unicode char U+1F70 (decimal 8048)
   defining Unicode char U+1F71 (decimal 8049)
   defining Unicode char U+1F72 (decimal 8050)
   defining Unicode char U+1F73 (decimal 8051)
   defining Unicode char U+1F74 (decimal 8052)
   defining Unicode char U+1F75 (decimal 8053)
   defining Unicode char U+1F76 (decimal 8054)
   defining Unicode char U+1F77 (decimal 8055)
   defining Unicode char U+1F78 (decimal 8056)
   defining Unicode char U+1F79 (decimal 8057)
   defining Unicode char U+1F7A (decimal 8058)
   defining Unicode char U+1F7B (decimal 8059)
   defining Unicode char U+1F7C (decimal 8060)
   defining Unicode char U+1F7D (decimal 8061)
   defining Unicode char U+1F80 (decimal 8064)
   defining Unicode char U+1F81 (decimal 8065)
   defining Unicode char U+1F82 (decimal 8066)
   defining Unicode char U+1F83 (decimal 8067)
   defining Unicode char U+1F84 (decimal 8068)
   defining Unicode char U+1F85 (decimal 8069)
   defining Unicode char U+1F86 (decimal 8070)
   defining Unicode char U+1F87 (decimal 8071)
   defining Unicode char U+1F88 (decimal 8072)
   defining Unicode char U+1F89 (decimal 8073)
   defining Unicode char U+1F8A (decimal 8074)
   defining Unicode char U+1F8B (decimal 8075)
   defining Unicode char U+1F8C (decimal 8076)
   defining Unicode char U+1F8D (decimal 8077)
   defining Unicode char U+1F8E (decimal 8078)
   defining Unicode char U+1F8F (decimal 8079)
   defining Unicode char U+1F90 (decimal 8080)
   defining Unicode char U+1F91 (decimal 8081)
   defining Unicode char U+1F92 (decimal 8082)
   defining Unicode char U+1F93 (decimal 8083)
   defining Unicode char U+1F94 (decimal 8084)
   defining Unicode char U+1F95 (decimal 8085)
   defining Unicode char U+1F96 (decimal 8086)
   defining Unicode char U+1F97 (decimal 8087)
   defining Unicode char U+1F98 (decimal 8088)
   defining Unicode char U+1F99 (decimal 8089)
   defining Unicode char U+1F9A (decimal 8090)
   defining Unicode char U+1F9B (decimal 8091)
   defining Unicode char U+1F9C (decimal 8092)
   defining Unicode char U+1F9D (decimal 8093)
   defining Unicode char U+1F9E (decimal 8094)
   defining Unicode char U+1F9F (decimal 8095)
   defining Unicode char U+1FA0 (decimal 8096)
   defining Unicode char U+1FA1 (decimal 8097)
   defining Unicode char U+1FA2 (decimal 8098)
   defining Unicode char U+1FA3 (decimal 8099)
   defining Unicode char U+1FA4 (decimal 8100)
   defining Unicode char U+1FA5 (decimal 8101)
   defining Unicode char U+1FA6 (decimal 8102)
   defining Unicode char U+1FA7 (decimal 8103)
   defining Unicode char U+1FA8 (decimal 8104)
   defining Unicode char U+1FA9 (decimal 8105)
   defining Unicode char U+1FAA (decimal 8106)
   defining Unicode char U+1FAB (decimal 8107)
   defining Unicode char U+1FAC (decimal 8108)
   defining Unicode char U+1FAD (decimal 8109)
   defining Unicode char U+1FAE (decimal 8110)
   defining Unicode char U+1FAF (decimal 8111)
   defining Unicode char U+1FB0 (decimal 8112)
   defining Unicode char U+1FB1 (decimal 8113)
   defining Unicode char U+1FB2 (decimal 8114)
   defining Unicode char U+1FB3 (decimal 8115)
   defining Unicode char U+1FB4 (decimal 8116)
   defining Unicode char U+1FB6 (decimal 8118)
   defining Unicode char U+1FB7 (decimal 8119)
   defining Unicode char U+1FB8 (decimal 8120)
   defining Unicode char U+1FB9 (decimal 8121)
   defining Unicode char U+1FBA (decimal 8122)
   defining Unicode char U+1FBB (decimal 8123)
   defining Unicode char U+1FBC (decimal 8124)
   defining Unicode char U+1FBD (decimal 8125)
   defining Unicode char U+1FBE (decimal 8126)
   defining Unicode char U+1FBF (decimal 8127)
   defining Unicode char U+1FC0 (decimal 8128)
   defining Unicode char U+1FC1 (decimal 8129)
   defining Unicode char U+1FC2 (decimal 8130)
   defining Unicode char U+1FC3 (decimal 8131)
   defining Unicode char U+1FC4 (decimal 8132)
   defining Unicode char U+1FC6 (decimal 8134)
   defining Unicode char U+1FC7 (decimal 8135)
   defining Unicode char U+1FC8 (decimal 8136)
   defining Unicode char U+1FC9 (decimal 8137)
   defining Unicode char U+1FCA (decimal 8138)
   defining Unicode char U+1FCB (decimal 8139)
   defining Unicode char U+1FCC (decimal 8140)
   defining Unicode char U+1FCD (decimal 8141)
   defining Unicode char U+1FCE (decimal 8142)
   defining Unicode char U+1FCF (decimal 8143)
   defining Unicode char U+1FD0 (decimal 8144)
   defining Unicode char U+1FD1 (decimal 8145)
   defining Unicode char U+1FD2 (decimal 8146)
   defining Unicode char U+1FD3 (decimal 8147)
   defining Unicode char U+1FD6 (decimal 8150)
   defining Unicode char U+1FD7 (decimal 8151)
   defining Unicode char U+1FD8 (decimal 8152)
   defining Unicode char U+1FD9 (decimal 8153)
   defining Unicode char U+1FDA (decimal 8154)
   defining Unicode char U+1FDB (decimal 8155)
   defining Unicode char U+1FDD (decimal 8157)
   defining Unicode char U+1FDE (decimal 8158)
   defining Unicode char U+1FDF (decimal 8159)
   defining Unicode char U+1FE0 (decimal 8160)
   defining Unicode char U+1FE1 (decimal 8161)
   defining Unicode char U+1FE2 (decimal 8162)
   defining Unicode char U+1FE3 (decimal 8163)
   defining Unicode char U+1FE4 (decimal 8164)
   defining Unicode char U+1FE5 (decimal 8165)
   defining Unicode char U+1FE6 (decimal 8166)
   defining Unicode char U+1FE7 (decimal 8167)
   defining Unicode char U+1FE8 (decimal 8168)
   defining Unicode char U+1FE9 (decimal 8169)
   defining Unicode char U+1FEA (decimal 8170)
   defining Unicode char U+1FEB (decimal 8171)
   defining Unicode char U+1FEC (decimal 8172)
   defining Unicode char U+1FED (decimal 8173)
   defining Unicode char U+1FEE (decimal 8174)
   defining Unicode char U+1FEF (decimal 8175)
   defining Unicode char U+1FF2 (decimal 8178)
   defining Unicode char U+1FF3 (decimal 8179)
   defining Unicode char U+1FF4 (decimal 8180)
   defining Unicode char U+1FF6 (decimal 8182)
   defining Unicode char U+1FF7 (decimal 8183)
   defining Unicode char U+1FF8 (decimal 8184)
   defining Unicode char U+1FF9 (decimal 8185)
   defining Unicode char U+1FFA (decimal 8186)
   defining Unicode char U+1FFB (decimal 8187)
   defining Unicode char U+1FFC (decimal 8188)
   defining Unicode char U+1FFD (decimal 8189)
   defining Unicode char U+1FFE (decimal 8190)
   defining Unicode char U+2013 (decimal 8211)
   defining Unicode char U+2014 (decimal 8212)
   defining Unicode char U+2018 (decimal 8216)
   defining Unicode char U+2019 (decimal 8217)
   defining Unicode char U+201A (decimal 8218)
   defining Unicode char U+2030 (decimal 8240)
   defining Unicode char U+2039 (decimal 8249)
   defining Unicode char U+203A (decimal 8250)
   defining Unicode char U+20AC (decimal 8364)
   defining Unicode char U+2126 (decimal 8486)
   defining Unicode char U+10144 (decimal 65860)
   defining Unicode char U+10145 (decimal 65861)
   defining Unicode char U+10146 (decimal 65862)
   defining Unicode char U+10147 (decimal 65863)
)
(/opt/homebrew/Cellar/texlive/20240312_3/share/texmf-dist/tex/latex/greek-fonte
nc/greek-fontenc.def
File: greek-fontenc.def 2023-09-12 2.5 Common Greek font encoding definitions
)))
(/opt/homebrew/Cellar/texlive/20240312_3/share/texmf-dist/tex/generic/babel-eng
lish/english.ldf
Language: english 2017/06/06 v3.3r English support from the babel system
Package babel Info: Hyphen rules for 'canadian' set to \l@english
(babel)             (\language0). Reported on input line 102.
Package babel Info: Hyphen rules for 'australian' set to \l@ukenglish
(babel)             (\language23). Reported on input line 105.
Package babel Info: Hyphen rules for 'newzealand' set to \l@ukenglish
(babel)             (\language23). Reported on input line 108.
))
(/opt/homebrew/Cellar/texlive/20240312_3/share/texmf-dist/tex/generic/babel/loc
ale/en/babel-english.tex
Package babel Info: Importing font and identification data for english
(babel)             from babel-en.ini. Reported on input line 11.
)
(/opt/homebrew/Cellar/texlive/20240312_3/share/texmf-dist/tex/generic/babel/loc
ale/el/babel-greek.tex
Package babel Info: Importing font and identification data for greek
(babel)             from babel-el.ini. Reported on input line 11.
)
(/opt/homebrew/Cellar/texlive/20240312_3/share/texmf-dist/tex/latex/greek-fonte
nc/alphabeta.sty
Package: alphabeta 2023-11-16 2.6 macros for Greek letters in text and math

(/opt/homebrew/Cellar/texlive/20240312_3/share/texmf-dist/tex/latex/greek-fonte
nc/textalpha.sty
Package: textalpha 2023-09-12 2.5 macros for Greek letters in text
   defining Unicode char U+00B5 (decimal 181)
))
(/opt/homebrew/Cellar/texlive/20240312_3/share/texmf-dist/tex/latex/natbib/natb
ib.sty
Package: natbib 2010/09/13 8.31b (PWD, AO)
\bibhang=\skip53
\bibsep=\skip54
LaTeX Info: Redefining \cite on input line 694.
\c@NAT@ctr=\count288
)
(/opt/homebrew/Cellar/texlive/20240312_3/share/texmf-dist/tex/latex/appendix/ap
pendix.sty
Package: appendix 2020/02/08 v1.2c extra appendix facilities
\c@@pps=\count289
\c@@ppsavesec=\count290
\c@@ppsaveapp=\count291
)
(/opt/homebrew/Cellar/texlive/20240312_3/share/texmf-dist/tex/latex/amsfonts/am
ssymb.sty
Package: amssymb 2013/01/14 v3.01 AMS font symbols

(/opt/homebrew/Cellar/texlive/20240312_3/share/texmf-dist/tex/latex/amsfonts/am
sfonts.sty
Package: amsfonts 2013/01/14 v3.01 Basic AMSFonts support
\symAMSa=\mathgroup4
\symAMSb=\mathgroup5
LaTeX Font Info:    Redeclaring math symbol \hbar on input line 98.
LaTeX Font Info:    Overwriting math alphabet `\mathfrak' in version `bold'
(Font)                  U/euf/m/n --> U/euf/b/n on input line 106.
))
(/opt/homebrew/Cellar/texlive/20240312_3/share/texmf-dist/tex/latex/tools/array
.sty
Package: array 2023/10/16 v2.5g Tabular extension package (FMi)
\col@sep=\dimen155
\ar@mcellbox=\box53
\extrarowheight=\dimen156
\NC@list=\toks25
\extratabsurround=\skip55
\backup@length=\skip56
\ar@cellbox=\box54
)
(/opt/homebrew/Cellar/texlive/20240312_3/share/texmf-dist/tex/latex/tools/calc.
sty
Package: calc 2023/07/08 v4.3 Infix arithmetic (KKT,FJ)
\calc@Acount=\count292
\calc@Bcount=\count293
\calc@Adimen=\dimen157
\calc@Bdimen=\dimen158
\calc@Askip=\skip57
\calc@Bskip=\skip58
LaTeX Info: Redefining \setlength on input line 80.
LaTeX Info: Redefining \addtolength on input line 81.
\calc@Ccount=\count294
\calc@Cskip=\skip59
)
(/opt/homebrew/Cellar/texlive/20240312_3/share/texmf-dist/tex/latex/comment/com
ment.sty
\CommentStream=\write3
Excluding comment 'comment')
(/opt/homebrew/Cellar/texlive/20240312_3/share/texmf-dist/tex/latex/tools/enume
rate.sty
Package: enumerate 2023/07/04 v3.00 enumerate extensions (DPC)
\@enLab=\toks26
)
(/opt/homebrew/Cellar/texlive/20240312_3/share/texmf-dist/tex/latex/epigraph/ep
igraph.sty
Package: epigraph 2020/01/02 v1.5e typesetting epigraphs

(/opt/homebrew/Cellar/texlive/20240312_3/share/texmf-dist/tex/latex/nextpage/ne
xtpage.sty
Package: nextpage 2009/09/03 v1.1a additional page commands
)
\beforeepigraphskip=\skip60
\afterepigraphskip=\skip61
\epigraphwidth=\skip62
\epigraphrule=\skip63
)
(/opt/homebrew/Cellar/texlive/20240312_3/share/texmf-dist/tex/generic/tex4ht/fa
ncyhdr-hooks.4ht
version 2020-10-17-13:53
)
(/opt/homebrew/Cellar/texlive/20240312_3/share/texmf-dist/tex/latex/fancyhdr/fa
ncyhdr.sty
Package: fancyhdr 2022/11/09 v4.1 Extensive control of page headers and footers

\f@nch@headwidth=\skip64
\f@nch@O@elh=\skip65
\f@nch@O@erh=\skip66
\f@nch@O@olh=\skip67
\f@nch@O@orh=\skip68
\f@nch@O@elf=\skip69
\f@nch@O@erf=\skip70
\f@nch@O@olf=\skip71
\f@nch@O@orf=\skip72
)
(/opt/homebrew/Cellar/texlive/20240312_3/share/texmf-dist/tex/latex/graphics/gr
aphicx.sty
Package: graphicx 2021/09/16 v1.2d Enhanced LaTeX Graphics (DPC,SPQR)

(/opt/homebrew/Cellar/texlive/20240312_3/share/texmf-dist/tex/generic/tex4ht/gr
aphics-hooks.4ht
version 2022-08-17-14:25
)
(/opt/homebrew/Cellar/texlive/20240312_3/share/texmf-dist/tex/latex/graphics/gr
aphics.sty
Package: graphics 2022/03/10 v1.4e Standard LaTeX Graphics (DPC,SPQR)

(/opt/homebrew/Cellar/texlive/20240312_3/share/texmf-dist/tex/latex/graphics/tr
ig.sty
Package: trig 2021/08/11 v1.11 sin cos tan (DPC)
)
(/opt/homebrew/Cellar/texlive/20240312_3/share/texmf-dist/tex/latex/graphics-cf
g/graphics.cfg
File: graphics.cfg 2016/06/04 v1.11 sample graphics configuration
)
Package graphics Info: Driver file: dvips.def on input line 107.

(/opt/homebrew/Cellar/texlive/20240312_3/share/texmf-dist/tex/latex/graphics-de
f/dvips.def
File: dvips.def 2022/09/22 v3.1e Graphics/color driver for dvips
))
\Gin@req@height=\dimen159
\Gin@req@width=\dimen160
)
(/opt/homebrew/Cellar/texlive/20240312_3/share/texmf-dist/tex/latex/tools/hhlin
e.sty
Package: hhline 2020/01/04 v2.04 Table rule package (DPC)
)
(/opt/homebrew/Cellar/texlive/20240312_3/share/texmf-dist/tex/generic/tex4ht/hy
perref-hooks.4ht
version 2023-09-17-08:01
)
(/opt/homebrew/Cellar/texlive/20240312_3/share/texmf-dist/tex/latex/listings/li
stings.sty
\lst@mode=\count295
\lst@gtempboxa=\box55
\lst@token=\toks27
\lst@length=\count296
\lst@currlwidth=\dimen161
\lst@column=\count297
\lst@pos=\count298
\lst@lostspace=\dimen162
\lst@width=\dimen163
\lst@newlines=\count299
\lst@lineno=\count300
\lst@maxwidth=\dimen164

(/opt/homebrew/Cellar/texlive/20240312_3/share/texmf-dist/tex/latex/listings/ls
tpatch.sty
File: lstpatch.sty 2024/02/21 1.10 (Carsten Heinz)
)
(/opt/homebrew/Cellar/texlive/20240312_3/share/texmf-dist/tex/latex/listings/ls
tmisc.sty
File: lstmisc.sty 2024/02/21 1.10 (Carsten Heinz)
\c@lstnumber=\count301
\lst@skipnumbers=\count302
\lst@framebox=\box56
)
(/opt/homebrew/Cellar/texlive/20240312_3/share/texmf-dist/tex/latex/listings/li
stings.cfg
File: listings.cfg 2024/02/21 1.10 listings configuration
))
Package: listings 2024/02/21 1.10 (Carsten Heinz)

(/opt/homebrew/Cellar/texlive/20240312_3/share/texmf-dist/tex/latex/base/makeid
x.sty
Package: makeidx 2021/10/04 v1.0m Standard LaTeX package
)
(/opt/homebrew/Cellar/texlive/20240312_3/share/texmf-dist/tex/latex/tools/multi
col.sty
Package: multicol 2023/03/30 v1.9f multicolumn formatting (FMi)
\c@tracingmulticols=\count303
\mult@box=\box57
\multicol@leftmargin=\dimen165
\c@unbalance=\count304
\c@collectmore=\count305
\doublecol@number=\count306
\multicoltolerance=\count307
\multicolpretolerance=\count308
\full@width=\dimen166
\page@free=\dimen167
\premulticols=\dimen168
\postmulticols=\dimen169
\multicolsep=\skip73
\multicolbaselineskip=\skip74
\partial@page=\box58
\last@line=\box59
\mc@boxedresult=\box60
\maxbalancingoverflow=\dimen170
\mult@rightbox=\box61
\mult@grightbox=\box62
\mult@firstbox=\box63
\mult@gfirstbox=\box64
\@tempa=\box65
\@tempa=\box66
\@tempa=\box67
\@tempa=\box68
\@tempa=\box69
\@tempa=\box70
\@tempa=\box71
\@tempa=\box72
\@tempa=\box73
\@tempa=\box74
\@tempa=\box75
\@tempa=\box76
\@tempa=\box77
\@tempa=\box78
\@tempa=\box79
\@tempa=\box80
\@tempa=\box81
\@tempa=\box82
\@tempa=\box83
\@tempa=\box84
\@tempa=\box85
\@tempa=\box86
\@tempa=\box87
\@tempa=\box88
\@tempa=\box89
\@tempa=\box90
\@tempa=\box91
\@tempa=\box92
\@tempa=\box93
\@tempa=\box94
\@tempa=\box95
\@tempa=\box96
\@tempa=\box97
\@tempa=\box98
\@tempa=\box99
\@tempa=\box100
\c@minrows=\count309
\c@columnbadness=\count310
\c@finalcolumnbadness=\count311
\last@try=\dimen171
\multicolovershoot=\dimen172
\multicolundershoot=\dimen173
\mult@nat@firstbox=\box101
\colbreak@box=\box102
\mc@col@check@num=\count312
)
(/opt/homebrew/Cellar/texlive/20240312_3/share/texmf-dist/tex/latex/setspace/se
tspace.sty
Package: setspace 2022/12/04 v6.7b set line spacing
)
(/opt/homebrew/Cellar/texlive/20240312_3/share/texmf-dist/tex/latex/subfigure/s
ubfigure.sty
Package: subfigure 2002/03/15 v2.1.5 subfigure package
\subfigtopskip=\skip75
\subfigcapskip=\skip76
\subfigcaptopadj=\dimen174
\subfigbottomskip=\skip77
\subfigcapmargin=\dimen175
\subfiglabelskip=\skip78
\c@subfigure=\count313
\c@lofdepth=\count314
\c@subtable=\count315
\c@lotdepth=\count316
****************************************
* Local config file subfigure.cfg used *
****************************************

(/opt/homebrew/Cellar/texlive/20240312_3/share/texmf-dist/tex/latex/subfigure/s
ubfigure.cfg)
\subfig@top=\skip79
\subfig@bottom=\skip80
)
(/opt/homebrew/Cellar/texlive/20240312_3/share/texmf-dist/tex/latex/ucs/ucs.sty
Package: ucs 2023/11/09 v2.4 UCS: Unicode input support

(/opt/homebrew/Cellar/texlive/20240312_3/share/texmf-dist/tex/latex/ucs/data/un
i-global.def
File: uni-global.def 2022/08/07 UCS: Unicode global data
)
\uc@secondtry=\count317
\uc@combtoks=\toks28
\uc@combtoksb=\toks29
\uc@temptokena=\toks30
)
(/opt/homebrew/Cellar/texlive/20240312_3/share/texmf-dist/tex/latex/babelbib/ba
belbib.sty
Package: babelbib 2021/01/06 v1.34 babelbib: multilingual bibliographies
\c@btxromaniannumeral=\count318
)
(/opt/homebrew/Cellar/texlive/20240312_3/share/texmf-dist/tex/latex/float/float
.sty
Package: float 2001/11/08 v1.3d Float enhancements (AL)
\c@float@type=\count319
\float@exts=\toks31
\float@box=\box103
\@float@everytoks=\toks32
\@floatcapt=\box104
)
(/opt/homebrew/Cellar/texlive/20240312_3/share/texmf-dist/tex/latex/base/textco
mp.sty
Package: textcomp 2020/02/02 v2.0n Standard LaTeX package
)
(/opt/homebrew/Cellar/texlive/20240312_3/share/texmf-dist/tex/latex/ncctools/ex
tdash.sty
Package: extdash 2018/06/24 v1.3 Extended Dash Package (NCC)
)
(/opt/homebrew/Cellar/texlive/20240312_3/share/texmf-dist/tex/latex/tools/verba
tim.sty
Package: verbatim 2023-11-06 v1.5v LaTeX2e package for verbatim enhancements
\every@verbatim=\toks33
\verbatim@line=\toks34
\verbatim@in@stream=\read3
)
(/opt/homebrew/Cellar/texlive/20240312_3/share/texmf-dist/tex/latex/graphics/co
lor.sty
Package: color 2022/01/06 v1.3d Standard LaTeX Color (DPC)

(/opt/homebrew/Cellar/texlive/20240312_3/share/texmf-dist/tex/latex/graphics-cf
g/color.cfg
File: color.cfg 2016/01/02 v1.6 sample color configuration
)
Package color Info: Driver file: dvips.def on input line 149.

(/opt/homebrew/Cellar/texlive/20240312_3/share/texmf-dist/tex/latex/graphics/dv
ipsnam.def
File: dvipsnam.def 2016/06/17 v3.0m Driver-dependent file (DPC,SPQR)
)
(/opt/homebrew/Cellar/texlive/20240312_3/share/texmf-dist/tex/latex/graphics/ma
thcolor.ltx))
(/opt/homebrew/Cellar/texlive/20240312_3/share/texmf-dist/tex/latex/colortbl/co
lortbl.sty
Package: colortbl 2024/02/20 v1.0g Color table columns (DPC)
\everycr=\toks35
\minrowclearance=\skip81
\rownum=\count320
)
(/opt/homebrew/Cellar/texlive/20240312_3/share/texmf-dist/tex/generic/tex4ht/xc
olor-hooks.4ht
version 2020-10-17-13:53
)
(/opt/homebrew/Cellar/texlive/20240312_3/share/texmf-dist/tex/latex/xcolor/xcol
or.sty
Package: xcolor 2023/11/15 v3.01 LaTeX color extensions (UK)

(/opt/homebrew/Cellar/texlive/20240312_3/share/texmf-dist/tex/latex/graphics-cf
g/color.cfg
File: color.cfg 2016/01/02 v1.6 sample color configuration
)
Package xcolor Info: Driver file: dvips.def on input line 274.
LaTeX Info: Redefining \color on input line 758.

(/opt/homebrew/Cellar/texlive/20240312_3/share/texmf-dist/tex/latex/graphics/ma
thcolor.ltx)
Package xcolor Info: Model `cmy' substituted by `cmy0' on input line 1350.
Package xcolor Info: Model `RGB' extended on input line 1366.
Package xcolor Info: Model `HTML' substituted by `rgb' on input line 1368.
Package xcolor Info: Model `Hsb' substituted by `hsb' on input line 1369.
Package xcolor Info: Model `tHsb' substituted by `hsb' on input line 1370.
Package xcolor Info: Model `HSB' substituted by `hsb' on input line 1371.
Package xcolor Info: Model `Gray' substituted by `gray' on input line 1372.
Package xcolor Info: Model `wave' substituted by `hsb' on input line 1373.
)
(/opt/homebrew/Cellar/texlive/20240312_3/share/texmf-dist/tex/latex/algorithm2e
/algorithm2e.sty
Package: algorithm2e 2017/07/18 v5.2 algorithms environments
\c@AlgoLine=\count321

(/opt/homebrew/Cellar/texlive/20240312_3/share/texmf-dist/tex/latex/base/ifthen
.sty
Package: ifthen 2022/04/13 v1.1d Standard LaTeX ifthen package (DPC)
)
\algocf@hangindent=\skip82

(/opt/homebrew/Cellar/texlive/20240312_3/share/texmf-dist/tex/latex/ifoddpage/i
foddpage.sty
Package: ifoddpage 2022/10/18 v1.2 Conditionals for odd/even page detection
\c@checkoddpage=\count322
)
(/opt/homebrew/Cellar/texlive/20240312_3/share/texmf-dist/tex/latex/tools/xspac
e.sty
Package: xspace 2014/10/28 v1.13 Space after command names (DPC,MH)
)
(/opt/homebrew/Cellar/texlive/20240312_3/share/texmf-dist/tex/latex/relsize/rel
size.sty
Package: relsize 2013/03/29 ver 4.1
)
\skiptotal=\skip83
\skiplinenumber=\skip84
\skiprule=\skip85
\skiphlne=\skip86
\skiptext=\skip87
\skiplength=\skip88
\algomargin=\skip89
\skipalgocfslide=\skip90
\algowidth=\dimen176
\inoutsize=\dimen177
\inoutindent=\dimen178
\interspacetitleruled=\dimen179
\interspacealgoruled=\dimen180
\interspacetitleboxruled=\dimen181
\algocf@ruledwidth=\skip91
\algocf@inoutbox=\box105
\algocf@inputbox=\box106
\AlCapSkip=\skip92
\AlCapHSkip=\skip93
\algoskipindent=\skip94
\algocf@nlbox=\box107
\algocf@hangingbox=\box108
\algocf@untilbox=\box109
\algocf@skipuntil=\skip95
\algocf@capbox=\box110
\algocf@lcaptionbox=\skip96
\algoheightruledefault=\skip97
\algoheightrule=\skip98
\algotitleheightruledefault=\skip99
\algotitleheightrule=\skip100
\c@algocfline=\count323
\c@algocfproc=\count324
\c@algocf=\count325
\algocf@algoframe=\box111
\algocf@algobox=\box112
)
\c@definition=\count326
\c@proposition=\count327
\c@theorem=\count328
\c@corollary=\count329
\c@lemma=\count330
\c@example=\count331
\c@remark=\count332
\c@notation=\count333

(/opt/homebrew/Cellar/texlive/20240312_3/share/texmf-dist/tex/latex/lipsum/lips
um.sty
(/opt/homebrew/Cellar/texlive/20240312_3/share/texmf-dist/tex/latex/l3packages/
l3keys2e/l3keys2e.sty
(/opt/homebrew/Cellar/texlive/20240312_3/share/texmf-dist/tex/generic/tex4ht/ex
pl3-hooks.4ht
version 2020-10-17-13:53
)
(/opt/homebrew/Cellar/texlive/20240312_3/share/texmf-dist/tex/latex/l3kernel/ex
pl3.sty
Package: expl3 2024-02-20 L3 programming layer (loader) 

(/opt/homebrew/Cellar/texlive/20240312_3/share/texmf-dist/tex/latex/l3backend/l
3backend-dvips.def
File: l3backend-dvips.def 2024-02-20 L3 backend support: dvips
\l__pdf_internal_box=\box113
\g__pdf_backend_object_int=\count334
\l__pdf_backend_content_box=\box114
\l__pdf_backend_model_box=\box115
\g__pdf_backend_annotation_int=\count335
\g__pdf_backend_link_int=\count336
\g__pdf_backend_link_sf_int=\count337
))
Package: l3keys2e 2024-02-18 LaTeX2e option processing using LaTeX3 keys
)
Package: lipsum 2021-09-20 v2.7 150 paragraphs of Lorem Ipsum dummy text
\g__lipsum_par_int=\count338
\l__lipsum_a_int=\count339
\l__lipsum_b_int=\count340

(/opt/homebrew/Cellar/texlive/20240312_3/share/texmf-dist/tex/latex/lipsum/lips
um.ltd.tex))) (./include/macros-ik.tex)
\@indexfile=\write4
\openout4 = `Saunkin.idx'.

Writing index file Saunkin.idx

(/opt/homebrew/Cellar/texlive/20240312_3/share/texmf-dist/tex/generic/tex4ht/te
x4ht.4ht
version 2024-01-10-14:44
--------------------------------------
--- Note --- for additional information, use the command line option `info'
--------------------------------------
::::::::::::::::::::::::::::::::::::::::::
 TeX4ht info is available in the log file 
::::::::::::::::::::::::::::::::::::::::::
)
(/opt/homebrew/Cellar/texlive/20240312_3/share/texmf-dist/tex/generic/tex4ht/te
x4ht.sty
version 2024-01-23-13:44
l.870 --- TeX4ht warning --- nonprimitive \everypar ---
--- needs --- tex4ht Saunkin ---
\tmp:cnt=\count341
\openout15 = `Saunkin.tmp'.

(./Saunkin.tmp)
\tmp:dim=\skip101
(./Saunkin.xref)
\:refout=\write5
\openout5 = `Saunkin.xref'.


(/opt/homebrew/Cellar/texlive/20240312_3/share/texmf-dist/tex/generic/tex4ht/ht
ml4.4ht
version 2024-02-29-14:09
--------------------------------------
--- Note --- to remove the <?xml version=...?> processing instruction use the c
ommand line option `no-VERSION'
--------------------------------------
--------------------------------------
--- Note --- to remove the DOCTYPE declaration use the command line option `no-
DOCTYPE'
--------------------------------------
)
(/opt/homebrew/Cellar/texlive/20240312_3/share/texmf-dist/tex/generic/tex4ht/un
icode.4ht
version 2023-04-02-08:01
)
(/opt/homebrew/Cellar/texlive/20240312_3/share/texmf-dist/tex/generic/tex4ht/ht
ml4-math.4ht
version 2022-10-25-13:59
)
(/opt/homebrew/Cellar/texlive/20240312_3/share/texmf-dist/tex/generic/tex4ht/ht
ml5.4ht
version 2023-10-09-13:31
)
--------------------------------------
--- Note --- for marking of the base font, use the command line option `fonts+'

--------------------------------------
--------------------------------------
--- Note --- for non active _, use the command line option `no_'
--------------------------------------
--------------------------------------
--- Note --- for _ of catcode 13, use the command line option `_13'
--------------------------------------
--------------------------------------
--- Note --- for non active ^, use the command line option `no^'
--------------------------------------
--------------------------------------
--- Note --- for ^ of catcode 13, use the command line option `^13'
--------------------------------------

(/opt/homebrew/Cellar/texlive/20240312_3/share/texmf-dist/tex/generic/tex4ht/ht
ml4.4ht
version 2024-02-29-14:09
--------------------------------------
--- Note --- to ignore CSS font decoration, use the `NoFonts' command line opti
on
--------------------------------------
--------------------------------------
--- Note --- for jpg bitmaps of pictures, use the `jpg' command line option. (C
haracter bitmaps are controled only by `g' records of tex4ht.env and `-g' switc
hes of tex4ht.c) 
--------------------------------------
--------------------------------------
--- Note --- for gif bitmaps of pictures, use the `gif' command line option. (C
haracter bitmaps are controled only by `g' records of tex4ht.env and `-g' switc
hes of tex4ht.c) 
--------------------------------------
--------------------------------------
--- Note --- for content and toc in 2 frames, use the command line option `fram
es'
--------------------------------------
--------------------------------------
--- Note --- for content, toc, and footnotes in 3 frames, use the command line 
option `frames-fn'
--------------------------------------
--------------------------------------
--- Note --- for file extension name xht, use the command line option `xht'
--------------------------------------
TeX4ht package options: xhtml,charset=utf-8,html5,html
--------------------------------------
--- Note --- To print a timestamp, use the command line option timestamp
--------------------------------------
--------------------------------------
--- Note --- to ignore CSS code, use the command line option `-css
--------------------------------------
--------------------------------------
--- Note --- for inline CSS code, use the command line option `css-in'
--------------------------------------
--------------------------------------
--- Note --- for pop ups on mouse over, use the command line option `mouseover'

--------------------------------------
--------------------------------------
--- Note --- for addressing images in a subdirectory, use the command line opti
on `imgdir:.../'
--------------------------------------
)
(/opt/homebrew/Cellar/texlive/20240312_3/share/texmf-dist/tex/generic/tex4ht/un
icode.4ht
version 2023-04-02-08:01
)
(/opt/homebrew/Cellar/texlive/20240312_3/share/texmf-dist/tex/generic/tex4ht/ht
ml4-math.4ht
version 2022-10-25-13:59
)
(/opt/homebrew/Cellar/texlive/20240312_3/share/texmf-dist/tex/generic/tex4ht/ht
ml5.4ht
version 2023-10-09-13:31
--------------------------------------
--- Note --- To print a timestamp, use the command line option timestamp
--------------------------------------
--------------------------------------
--- Note --- We use a default CSS style. Use the `nostyle' option if you want t
o use custom a CSS design
--------------------------------------
)
\:tokwrite=\toks36
\:tokpage=\toks37
--------------------------------------
--- Note --- for back links to toc, use the command line option `sections+'
--------------------------------------
--------------------------------------
--- Note --- for linear crosslinks of pages, use the command line option `next'

--------------------------------------
\openout15 = `Saunkin.4ct'.

\:tocout=\write6
\openout6 = `Saunkin.4tc'.

(Saunkin.4tc)
(/opt/homebrew/Cellar/texlive/20240312_3/share/texmf-dist/tex/generic/tex4ht/ht
ml4.4ht
version 2024-02-29-14:09
)
(/opt/homebrew/Cellar/texlive/20240312_3/share/texmf-dist/tex/generic/tex4ht/un
icode.4ht
version 2023-04-02-08:01
)
(/opt/homebrew/Cellar/texlive/20240312_3/share/texmf-dist/tex/generic/tex4ht/ht
ml4-math.4ht
version 2022-10-25-13:59
)
(/opt/homebrew/Cellar/texlive/20240312_3/share/texmf-dist/tex/generic/tex4ht/ht
ml5.4ht
version 2023-10-09-13:31
)
(/opt/homebrew/Cellar/texlive/20240312_3/share/texmf-dist/tex/generic/tex4ht/la
tex.4ht
version 2024-02-26-13:19
LaTeX Info: Redefining \_ on input line 180.
LaTeX Info: Redefining \begin on input line 598.
LaTeX Info: Redefining \end on input line 646.
LaTeX Info: Redefining \, on input line 808.
LaTeX Info: Redefining \; on input line 809.
LaTeX Info: Redefining \! on input line 810.
LaTeX Info: Redefining \: on input line 811.
LaTeX Info: Redefining \> on input line 812.
--------------------------------------
--- Note --- for links into captions, instead of float heads, use the command l
ine option `refcaption'
--------------------------------------

(/opt/homebrew/Cellar/texlive/20240312_3/share/texmf-dist/tex/generic/tex4ht/ht
ml4.4ht
version 2024-02-29-14:09
)
(/opt/homebrew/Cellar/texlive/20240312_3/share/texmf-dist/tex/generic/tex4ht/un
icode.4ht
version 2023-04-02-08:01
)
(/opt/homebrew/Cellar/texlive/20240312_3/share/texmf-dist/tex/generic/tex4ht/ht
ml4-math.4ht
version 2022-10-25-13:59
)
(/opt/homebrew/Cellar/texlive/20240312_3/share/texmf-dist/tex/generic/tex4ht/ht
ml5.4ht
version 2023-10-09-13:31
)
LaTeX Info: Redefining \@wrindex on input line 1609.

(/opt/homebrew/Cellar/texlive/20240312_3/share/texmf-dist/tex/generic/tex4ht/ht
ml4.4ht
version 2024-02-29-14:09
--------------------------------------
--- Note --- For mini tocs immediately aftter the header use the command line o
ption `minitoc<'
--------------------------------------
--------------------------------------
--- Note --- for enumerated list elements with valued data, use the command lin
e option `enumerate+'
--------------------------------------
--------------------------------------
--- Note --- for enumerated list elements li's with value attributes, use the c
ommand line option `enumerate-'
--------------------------------------
--------------------------------------
--- Note --- for CSS2 code, use the command line option `css2'
--------------------------------------
--------------------------------------
--- Note --- for pictorial tabular, use the command line option `pic-tabular'
--------------------------------------
--------------------------------------
--- Note --- for bitmap fbox'es, use the command line option `pic-fbox'
--------------------------------------
--------------------------------------
--- Note --- for bitmap framebox'es, use the command line option `pic-framebox'

--------------------------------------
--------------------------------------
--- Note --- for inline footnotes use command line option `fn-in'
--------------------------------------
--------------------------------------
--- Note --- for tracing of latex font commands, use the command line option `f
onts'
--------------------------------------
--------------------------------------
--- Note --- for width specifications of tabular p entries, use the `p-width' c
ommand line option or a configuration similar to \Configure{HColWidth}{\HCode{ 
style="width:\HColWidth"}}
--------------------------------------
)
(/opt/homebrew/Cellar/texlive/20240312_3/share/texmf-dist/tex/generic/tex4ht/un
icode.4ht
version 2023-04-02-08:01
)
(/opt/homebrew/Cellar/texlive/20240312_3/share/texmf-dist/tex/generic/tex4ht/ht
ml4-math.4ht
version 2022-10-25-13:59
--------------------------------------
--- Note --- for pictorial eqnarray, use the command line option `pic-eqnarray'

--------------------------------------
--------------------------------------
--- Note --- for pictorial array, use the command line option `pic-array'
--------------------------------------
--------------------------------------
--- Note --- for pictorial $...$ environments, use the command line option `pic
-m' (not recommended!!)
--------------------------------------
--------------------------------------
--- Note --- for pictorial $...$ and $$...$$ environments with latex alt, use t
he command line option `pic-m+' (not safe!!)
--------------------------------------
--------------------------------------
--- Note --- for pictorial array, use the command line option `pic-array'
--------------------------------------
)
(/opt/homebrew/Cellar/texlive/20240312_3/share/texmf-dist/tex/generic/tex4ht/ht
ml5.4ht
version 2023-10-09-13:31
))
(/opt/homebrew/Cellar/texlive/20240312_3/share/texmf-dist/tex/generic/tex4ht/fo
ntmath.4ht
version 2022-10-25-13:59

(/opt/homebrew/Cellar/texlive/20240312_3/share/texmf-dist/tex/generic/tex4ht/ht
ml4.4ht
version 2024-02-29-14:09
)
(/opt/homebrew/Cellar/texlive/20240312_3/share/texmf-dist/tex/generic/tex4ht/un
icode.4ht
version 2023-04-02-08:01
)
(/opt/homebrew/Cellar/texlive/20240312_3/share/texmf-dist/tex/generic/tex4ht/ht
ml4-math.4ht
version 2022-10-25-13:59
)
(/opt/homebrew/Cellar/texlive/20240312_3/share/texmf-dist/tex/generic/tex4ht/ht
ml5.4ht
version 2023-10-09-13:31
))
(/opt/homebrew/Cellar/texlive/20240312_3/share/texmf-dist/tex/generic/tex4ht/ar
ray.4ht
version 2023-11-12-08:00

(/opt/homebrew/Cellar/texlive/20240312_3/share/texmf-dist/tex/generic/tex4ht/ht
ml4.4ht
version 2024-02-29-14:09
)
(/opt/homebrew/Cellar/texlive/20240312_3/share/texmf-dist/tex/generic/tex4ht/un
icode.4ht
version 2023-04-02-08:01
)
(/opt/homebrew/Cellar/texlive/20240312_3/share/texmf-dist/tex/generic/tex4ht/ht
ml4-math.4ht
version 2022-10-25-13:59
--------------------------------------
--- Note --- for pictorial array, use the command line option `pic-array'
--------------------------------------
)
(/opt/homebrew/Cellar/texlive/20240312_3/share/texmf-dist/tex/generic/tex4ht/ht
ml5.4ht
version 2023-10-09-13:31
))
(/opt/homebrew/Cellar/texlive/20240312_3/share/texmf-dist/tex/generic/tex4ht/co
lor.4ht
version 2022-02-01-14:27

(/opt/homebrew/Cellar/texlive/20240312_3/share/texmf-dist/tex/generic/tex4ht/ht
ml4.4ht
version 2024-02-29-14:09
)
(/opt/homebrew/Cellar/texlive/20240312_3/share/texmf-dist/tex/generic/tex4ht/un
icode.4ht
version 2023-04-02-08:01
)
(/opt/homebrew/Cellar/texlive/20240312_3/share/texmf-dist/tex/generic/tex4ht/ht
ml4-math.4ht
version 2022-10-25-13:59
)
(/opt/homebrew/Cellar/texlive/20240312_3/share/texmf-dist/tex/generic/tex4ht/ht
ml5.4ht
version 2023-10-09-13:31
))
(/opt/homebrew/Cellar/texlive/20240312_3/share/texmf-dist/tex/generic/tex4ht/co
lortbl.4ht
version 2022-07-03-14:21

(/opt/homebrew/Cellar/texlive/20240312_3/share/texmf-dist/tex/generic/tex4ht/xc
olor-hooks.4ht
version 2020-10-17-13:53
)
(/opt/homebrew/Cellar/texlive/20240312_3/share/texmf-dist/tex/generic/tex4ht/ht
ml4.4ht
version 2024-02-29-14:09
)
(/opt/homebrew/Cellar/texlive/20240312_3/share/texmf-dist/tex/generic/tex4ht/un
icode.4ht
version 2023-04-02-08:01
)
(/opt/homebrew/Cellar/texlive/20240312_3/share/texmf-dist/tex/generic/tex4ht/ht
ml4-math.4ht
version 2022-10-25-13:59
)
(/opt/homebrew/Cellar/texlive/20240312_3/share/texmf-dist/tex/generic/tex4ht/ht
ml5.4ht
version 2023-10-09-13:31
))
(/opt/homebrew/Cellar/texlive/20240312_3/share/texmf-dist/tex/generic/tex4ht/bo
ok.4ht
version 2023-04-10-13:46
! Argument of \caption has an extra }.
<inserted text> 
                \par 
l.230 \pend:def\caption{\SkipRefstepAnchor}
                                           
I've run across a `}' that doesn't seem to match anything.
For example, `\def\a#1{...}' and `\a}' would produce
this error. If you simply proceed now, the `\par' that
I've just inserted will cause me to report a runaway
argument that might be the root of the problem. But if
your `}' was spurious, just type `2' and it will go away.

Runaway argument?
! Paragraph ended before \caption was complete.
<to be read again> 
                   \par 
l.230 \pend:def\caption{\SkipRefstepAnchor}
                                           
I suspect you've forgotten a `}', causing me to apply this
control sequence to too much text. How can we recover?
My plan is to forget the whole thing and hope for the best.


(/opt/homebrew/Cellar/texlive/20240312_3/share/texmf-dist/tex/generic/tex4ht/ht
ml4.4ht
version 2024-02-29-14:09
--------------------------------------
--- Note --- for automatic sectioning pagination, use the command line option `
1', `2', `3', '4', '5', '6', or '7'
--------------------------------------
--------------------------------------
--- Note --- for files named derived from section titles, use the command line 
option `sec-filename'
--------------------------------------
--------------------------------------
--- Note --- for i-columns index, use the command line option `index=i' (e.g., 
index=2)
--------------------------------------
)
(/opt/homebrew/Cellar/texlive/20240312_3/share/texmf-dist/tex/generic/tex4ht/un
icode.4ht
version 2023-04-02-08:01
)
(/opt/homebrew/Cellar/texlive/20240312_3/share/texmf-dist/tex/generic/tex4ht/ht
ml4-math.4ht
version 2022-10-25-13:59
)
(/opt/homebrew/Cellar/texlive/20240312_3/share/texmf-dist/tex/generic/tex4ht/ht
ml5.4ht
version 2023-10-09-13:31
))
(/opt/homebrew/Cellar/texlive/20240312_3/share/texmf-dist/tex/generic/tex4ht/hy
perref.4ht
version 2024-02-29-14:08
LaTeX Info: Redefining \autoref on input line 88.
\Hy@SectionHShift=\skip102

(/opt/homebrew/Cellar/texlive/20240312_3/share/texmf-dist/tex/generic/tex4ht/ht
ml4.4ht
version 2024-02-29-14:09
)
(/opt/homebrew/Cellar/texlive/20240312_3/share/texmf-dist/tex/generic/tex4ht/un
icode.4ht
version 2023-04-02-08:01
)
(/opt/homebrew/Cellar/texlive/20240312_3/share/texmf-dist/tex/generic/tex4ht/ht
ml4-math.4ht
version 2022-10-25-13:59
)
(/opt/homebrew/Cellar/texlive/20240312_3/share/texmf-dist/tex/generic/tex4ht/ht
ml5.4ht
version 2023-10-09-13:31
))
(/opt/homebrew/Cellar/texlive/20240312_3/share/texmf-dist/tex/generic/tex4ht/na
meref.4ht
version 2022-12-30-15:46

(/opt/homebrew/Cellar/texlive/20240312_3/share/texmf-dist/tex/generic/tex4ht/ht
ml4.4ht
version 2024-02-29-14:09
)
(/opt/homebrew/Cellar/texlive/20240312_3/share/texmf-dist/tex/generic/tex4ht/un
icode.4ht
version 2023-04-02-08:01
)
(/opt/homebrew/Cellar/texlive/20240312_3/share/texmf-dist/tex/generic/tex4ht/ht
ml4-math.4ht
version 2022-10-25-13:59
)
(/opt/homebrew/Cellar/texlive/20240312_3/share/texmf-dist/tex/generic/tex4ht/ht
ml5.4ht
version 2023-10-09-13:31
))
(/opt/homebrew/Cellar/texlive/20240312_3/share/texmf-dist/tex/generic/tex4ht/pd
1enc.4ht
version 2009-05-21-09:32

(/opt/homebrew/Cellar/texlive/20240312_3/share/texmf-dist/tex/generic/tex4ht/ht
ml4.4ht
version 2024-02-29-14:09
)
(/opt/homebrew/Cellar/texlive/20240312_3/share/texmf-dist/tex/generic/tex4ht/un
icode.4ht
version 2023-04-02-08:01
)
(/opt/homebrew/Cellar/texlive/20240312_3/share/texmf-dist/tex/generic/tex4ht/ht
ml4-math.4ht
version 2022-10-25-13:59
)
(/opt/homebrew/Cellar/texlive/20240312_3/share/texmf-dist/tex/generic/tex4ht/ht
ml5.4ht
version 2023-10-09-13:31
))
(/opt/homebrew/Cellar/texlive/20240312_3/share/texmf-dist/tex/generic/tex4ht/ur
l.4ht
version 2023-02-19-10:11

(/opt/homebrew/Cellar/texlive/20240312_3/share/texmf-dist/tex/generic/tex4ht/ht
ml4.4ht
version 2024-02-29-14:09
--------------------------------------
--- Note --- for URL encoding within href use the command line option `url-enc'

--------------------------------------
)
(/opt/homebrew/Cellar/texlive/20240312_3/share/texmf-dist/tex/generic/tex4ht/un
icode.4ht
version 2023-04-02-08:01
)
(/opt/homebrew/Cellar/texlive/20240312_3/share/texmf-dist/tex/generic/tex4ht/ht
ml4-math.4ht
version 2022-10-25-13:59
)
(/opt/homebrew/Cellar/texlive/20240312_3/share/texmf-dist/tex/generic/tex4ht/ht
ml5.4ht
version 2023-10-09-13:31
))
(/opt/homebrew/Cellar/texlive/20240312_3/share/texmf-dist/tex/generic/tex4ht/am
smath.4ht
version 2023-08-13-13:20
\tmp:muskip=\muskip18

(/opt/homebrew/Cellar/texlive/20240312_3/share/texmf-dist/tex/generic/tex4ht/ht
ml4.4ht
version 2024-02-29-14:09
)
(/opt/homebrew/Cellar/texlive/20240312_3/share/texmf-dist/tex/generic/tex4ht/un
icode.4ht
version 2023-04-02-08:01
)
(/opt/homebrew/Cellar/texlive/20240312_3/share/texmf-dist/tex/generic/tex4ht/ht
ml4-math.4ht
version 2022-10-25-13:59
LaTeX Info: Redefining \[ on input line 507.
LaTeX Info: Redefining \] on input line 507.
)
(/opt/homebrew/Cellar/texlive/20240312_3/share/texmf-dist/tex/generic/tex4ht/ht
ml5.4ht
version 2023-10-09-13:31
))
(/opt/homebrew/Cellar/texlive/20240312_3/share/texmf-dist/tex/generic/tex4ht/am
stext.4ht
version 2009-05-21-09:32

(/opt/homebrew/Cellar/texlive/20240312_3/share/texmf-dist/tex/generic/tex4ht/ht
ml4.4ht
version 2024-02-29-14:09
)
(/opt/homebrew/Cellar/texlive/20240312_3/share/texmf-dist/tex/generic/tex4ht/un
icode.4ht
version 2023-04-02-08:01
)
(/opt/homebrew/Cellar/texlive/20240312_3/share/texmf-dist/tex/generic/tex4ht/ht
ml4-math.4ht
version 2022-10-25-13:59
)
(/opt/homebrew/Cellar/texlive/20240312_3/share/texmf-dist/tex/generic/tex4ht/ht
ml5.4ht
version 2023-10-09-13:31
))
(/opt/homebrew/Cellar/texlive/20240312_3/share/texmf-dist/tex/generic/tex4ht/am
sbsy.4ht
version 2009-05-21-09:32

(/opt/homebrew/Cellar/texlive/20240312_3/share/texmf-dist/tex/generic/tex4ht/ht
ml4.4ht
version 2024-02-29-14:09
)
(/opt/homebrew/Cellar/texlive/20240312_3/share/texmf-dist/tex/generic/tex4ht/un
icode.4ht
version 2023-04-02-08:01
)
(/opt/homebrew/Cellar/texlive/20240312_3/share/texmf-dist/tex/generic/tex4ht/ht
ml4-math.4ht
version 2022-10-25-13:59
)
(/opt/homebrew/Cellar/texlive/20240312_3/share/texmf-dist/tex/generic/tex4ht/ht
ml5.4ht
version 2023-10-09-13:31
))
(/opt/homebrew/Cellar/texlive/20240312_3/share/texmf-dist/tex/generic/tex4ht/am
sopn.4ht
version 2009-05-21-09:32

(/opt/homebrew/Cellar/texlive/20240312_3/share/texmf-dist/tex/generic/tex4ht/ht
ml4.4ht
version 2024-02-29-14:09
)
(/opt/homebrew/Cellar/texlive/20240312_3/share/texmf-dist/tex/generic/tex4ht/un
icode.4ht
version 2023-04-02-08:01
)
(/opt/homebrew/Cellar/texlive/20240312_3/share/texmf-dist/tex/generic/tex4ht/ht
ml4-math.4ht
version 2022-10-25-13:59
)
(/opt/homebrew/Cellar/texlive/20240312_3/share/texmf-dist/tex/generic/tex4ht/ht
ml5.4ht
version 2023-10-09-13:31
))
(/opt/homebrew/Cellar/texlive/20240312_3/share/texmf-dist/tex/generic/tex4ht/ba
bel.4ht
version 2022-07-24-13:45

(/opt/homebrew/Cellar/texlive/20240312_3/share/texmf-dist/tex/generic/tex4ht/ht
ml4.4ht
version 2024-02-29-14:09
)
(/opt/homebrew/Cellar/texlive/20240312_3/share/texmf-dist/tex/generic/tex4ht/un
icode.4ht
version 2023-04-02-08:01
)
(/opt/homebrew/Cellar/texlive/20240312_3/share/texmf-dist/tex/generic/tex4ht/ht
ml4-math.4ht
version 2022-10-25-13:59
)
(/opt/homebrew/Cellar/texlive/20240312_3/share/texmf-dist/tex/generic/tex4ht/ht
ml5.4ht
version 2023-10-09-13:31
))
(/opt/homebrew/Cellar/texlive/20240312_3/share/texmf-dist/tex/generic/tex4ht/gr
eek.4ht
version 2021-06-06-09:18

(/opt/homebrew/Cellar/texlive/20240312_3/share/texmf-dist/tex/generic/tex4ht/ht
ml4.4ht
version 2024-02-29-14:09
--------------------------------------
--- Note --- for iso-8859-7 accents use the command line option `charset=iso-88
59-7'
--------------------------------------
--------------------------------------
--- Note --- for Sgreek font use the command line option `sgreek'
--------------------------------------
--------------------------------------
--- Note --- for Greek Old Face font use the command line option `oldgreek'
--------------------------------------
)
(/opt/homebrew/Cellar/texlive/20240312_3/share/texmf-dist/tex/generic/tex4ht/un
icode.4ht
version 2023-04-02-08:01
)
(/opt/homebrew/Cellar/texlive/20240312_3/share/texmf-dist/tex/generic/tex4ht/ht
ml4-math.4ht
version 2022-10-25-13:59
)
(/opt/homebrew/Cellar/texlive/20240312_3/share/texmf-dist/tex/generic/tex4ht/ht
ml5.4ht
version 2023-10-09-13:31
))
(/opt/homebrew/Cellar/texlive/20240312_3/share/texmf-dist/tex/generic/tex4ht/en
glish.4ht
version 2009-05-21-09:32

(/opt/homebrew/Cellar/texlive/20240312_3/share/texmf-dist/tex/generic/tex4ht/ht
ml4.4ht
version 2024-02-29-14:09
)
(/opt/homebrew/Cellar/texlive/20240312_3/share/texmf-dist/tex/generic/tex4ht/un
icode.4ht
version 2023-04-02-08:01
)
(/opt/homebrew/Cellar/texlive/20240312_3/share/texmf-dist/tex/generic/tex4ht/ht
ml4-math.4ht
version 2022-10-25-13:59
)
(/opt/homebrew/Cellar/texlive/20240312_3/share/texmf-dist/tex/generic/tex4ht/ht
ml5.4ht
version 2023-10-09-13:31
))
(/opt/homebrew/Cellar/texlive/20240312_3/share/texmf-dist/tex/generic/tex4ht/na
tbib.4ht
version 2021-06-27-08:11

(/opt/homebrew/Cellar/texlive/20240312_3/share/texmf-dist/tex/generic/tex4ht/ht
ml4.4ht
version 2024-02-29-14:09
)
(/opt/homebrew/Cellar/texlive/20240312_3/share/texmf-dist/tex/generic/tex4ht/un
icode.4ht
version 2023-04-02-08:01
)
(/opt/homebrew/Cellar/texlive/20240312_3/share/texmf-dist/tex/generic/tex4ht/ht
ml4-math.4ht
version 2022-10-25-13:59
)
(/opt/homebrew/Cellar/texlive/20240312_3/share/texmf-dist/tex/generic/tex4ht/ht
ml5.4ht
version 2023-10-09-13:31
))
(/opt/homebrew/Cellar/texlive/20240312_3/share/texmf-dist/tex/generic/tex4ht/ap
pendix.4ht
version 2019-10-24-10:36

(/opt/homebrew/Cellar/texlive/20240312_3/share/texmf-dist/tex/generic/tex4ht/ht
ml4.4ht
version 2024-02-29-14:09
)
(/opt/homebrew/Cellar/texlive/20240312_3/share/texmf-dist/tex/generic/tex4ht/un
icode.4ht
version 2023-04-02-08:01
)
(/opt/homebrew/Cellar/texlive/20240312_3/share/texmf-dist/tex/generic/tex4ht/ht
ml4-math.4ht
version 2022-10-25-13:59
)
(/opt/homebrew/Cellar/texlive/20240312_3/share/texmf-dist/tex/generic/tex4ht/ht
ml5.4ht
version 2023-10-09-13:31
))
(/opt/homebrew/Cellar/texlive/20240312_3/share/texmf-dist/tex/generic/tex4ht/am
ssymb.4ht
version 2009-05-21-09:32

(/opt/homebrew/Cellar/texlive/20240312_3/share/texmf-dist/tex/generic/tex4ht/ht
ml4.4ht
version 2024-02-29-14:09
)
(/opt/homebrew/Cellar/texlive/20240312_3/share/texmf-dist/tex/generic/tex4ht/un
icode.4ht
version 2023-04-02-08:01
)
(/opt/homebrew/Cellar/texlive/20240312_3/share/texmf-dist/tex/generic/tex4ht/ht
ml4-math.4ht
version 2022-10-25-13:59
)
(/opt/homebrew/Cellar/texlive/20240312_3/share/texmf-dist/tex/generic/tex4ht/ht
ml5.4ht
version 2023-10-09-13:31
))
(/opt/homebrew/Cellar/texlive/20240312_3/share/texmf-dist/tex/generic/tex4ht/am
sfonts.4ht
version 2009-05-21-09:32

(/opt/homebrew/Cellar/texlive/20240312_3/share/texmf-dist/tex/generic/tex4ht/ht
ml4.4ht
version 2024-02-29-14:09
)
(/opt/homebrew/Cellar/texlive/20240312_3/share/texmf-dist/tex/generic/tex4ht/un
icode.4ht
version 2023-04-02-08:01
)
(/opt/homebrew/Cellar/texlive/20240312_3/share/texmf-dist/tex/generic/tex4ht/ht
ml4-math.4ht
version 2022-10-25-13:59
)
(/opt/homebrew/Cellar/texlive/20240312_3/share/texmf-dist/tex/generic/tex4ht/ht
ml5.4ht
version 2023-10-09-13:31
))
(/opt/homebrew/Cellar/texlive/20240312_3/share/texmf-dist/tex/generic/tex4ht/en
umerate.4ht
version 2009-05-21-09:32

(/opt/homebrew/Cellar/texlive/20240312_3/share/texmf-dist/tex/generic/tex4ht/ht
ml4.4ht
version 2024-02-29-14:09
)
(/opt/homebrew/Cellar/texlive/20240312_3/share/texmf-dist/tex/generic/tex4ht/un
icode.4ht
version 2023-04-02-08:01
)
(/opt/homebrew/Cellar/texlive/20240312_3/share/texmf-dist/tex/generic/tex4ht/ht
ml4-math.4ht
version 2022-10-25-13:59
)
(/opt/homebrew/Cellar/texlive/20240312_3/share/texmf-dist/tex/generic/tex4ht/ht
ml5.4ht
version 2023-10-09-13:31
))
(/opt/homebrew/Cellar/texlive/20240312_3/share/texmf-dist/tex/generic/tex4ht/ep
igraph.4ht
version 2009-05-21-09:32

(/opt/homebrew/Cellar/texlive/20240312_3/share/texmf-dist/tex/generic/tex4ht/ht
ml4.4ht
version 2024-02-29-14:09
)
(/opt/homebrew/Cellar/texlive/20240312_3/share/texmf-dist/tex/generic/tex4ht/un
icode.4ht
version 2023-04-02-08:01
)
(/opt/homebrew/Cellar/texlive/20240312_3/share/texmf-dist/tex/generic/tex4ht/ht
ml4-math.4ht
version 2022-10-25-13:59
)
(/opt/homebrew/Cellar/texlive/20240312_3/share/texmf-dist/tex/generic/tex4ht/ht
ml5.4ht
version 2023-10-09-13:31
))
(/opt/homebrew/Cellar/texlive/20240312_3/share/texmf-dist/tex/generic/tex4ht/gr
aphicx.4ht
version 2022-01-12-13:53

(/opt/homebrew/Cellar/texlive/20240312_3/share/texmf-dist/tex/generic/tex4ht/ht
ml4.4ht
version 2024-02-29-14:09
)
(/opt/homebrew/Cellar/texlive/20240312_3/share/texmf-dist/tex/generic/tex4ht/un
icode.4ht
version 2023-04-02-08:01
)
(/opt/homebrew/Cellar/texlive/20240312_3/share/texmf-dist/tex/generic/tex4ht/ht
ml4-math.4ht
version 2022-10-25-13:59
)
(/opt/homebrew/Cellar/texlive/20240312_3/share/texmf-dist/tex/generic/tex4ht/ht
ml5.4ht
version 2023-10-09-13:31
))
(/opt/homebrew/Cellar/texlive/20240312_3/share/texmf-dist/tex/generic/tex4ht/gr
aphics.4ht
version 2024-03-07-13:56

(/opt/homebrew/Cellar/texlive/20240312_3/share/texmf-dist/tex/generic/tex4ht/ht
ml4.4ht
version 2024-02-29-14:09
--------------------------------------
--- Note --- if included graphics are of degraded quality, try the command line
 options `graphics-num' or `graphics-'. The `num' should provide the density of
 pixels in the bitmaps (e.g., 110). 
--------------------------------------
--------------------------------------
--- Note --- for setting image dimensions, try the option `Gin-dim'; to use per
cents instead of units, use `Gin-perecent'; for key dimensions when bounding bo
x is unavailable try `Gin-dim+'; neither is recommended
--------------------------------------
)
(/opt/homebrew/Cellar/texlive/20240312_3/share/texmf-dist/tex/generic/tex4ht/un
icode.4ht
version 2023-04-02-08:01
)
(/opt/homebrew/Cellar/texlive/20240312_3/share/texmf-dist/tex/generic/tex4ht/ht
ml4-math.4ht
version 2022-10-25-13:59
)
(/opt/homebrew/Cellar/texlive/20240312_3/share/texmf-dist/tex/generic/tex4ht/ht
ml5.4ht
version 2023-10-09-13:31
))
(/opt/homebrew/Cellar/texlive/20240312_3/share/texmf-dist/tex/generic/tex4ht/dv
ips.4ht
version 2009-05-21-09:32

(/opt/homebrew/Cellar/texlive/20240312_3/share/texmf-dist/tex/generic/tex4ht/ht
ml4.4ht
version 2024-02-29-14:09
)
(/opt/homebrew/Cellar/texlive/20240312_3/share/texmf-dist/tex/generic/tex4ht/un
icode.4ht
version 2023-04-02-08:01
)
(/opt/homebrew/Cellar/texlive/20240312_3/share/texmf-dist/tex/generic/tex4ht/ht
ml4-math.4ht
version 2022-10-25-13:59
)
(/opt/homebrew/Cellar/texlive/20240312_3/share/texmf-dist/tex/generic/tex4ht/ht
ml5.4ht
version 2023-10-09-13:31
))
(/opt/homebrew/Cellar/texlive/20240312_3/share/texmf-dist/tex/generic/tex4ht/li
stings.4ht
version 2023-07-25-12:42

(/opt/homebrew/Cellar/texlive/20240312_3/share/texmf-dist/tex/generic/tex4ht/ht
ml4.4ht
version 2024-02-29-14:09
--------------------------------------
--- Note --- to ensure proper alignments use fixed size fonts (see listings.dtx
)
--------------------------------------
)
(/opt/homebrew/Cellar/texlive/20240312_3/share/texmf-dist/tex/generic/tex4ht/un
icode.4ht
version 2023-04-02-08:01
)
(/opt/homebrew/Cellar/texlive/20240312_3/share/texmf-dist/tex/generic/tex4ht/ht
ml4-math.4ht
version 2022-10-25-13:59
)
(/opt/homebrew/Cellar/texlive/20240312_3/share/texmf-dist/tex/generic/tex4ht/ht
ml5.4ht
version 2023-10-09-13:31
))
(/opt/homebrew/Cellar/texlive/20240312_3/share/texmf-dist/tex/generic/tex4ht/ma
keidx.4ht
version 2009-05-21-09:32

(/opt/homebrew/Cellar/texlive/20240312_3/share/texmf-dist/tex/generic/tex4ht/ht
ml4.4ht
version 2024-02-29-14:09
)
(/opt/homebrew/Cellar/texlive/20240312_3/share/texmf-dist/tex/generic/tex4ht/un
icode.4ht
version 2023-04-02-08:01
)
(/opt/homebrew/Cellar/texlive/20240312_3/share/texmf-dist/tex/generic/tex4ht/ht
ml4-math.4ht
version 2022-10-25-13:59
)
(/opt/homebrew/Cellar/texlive/20240312_3/share/texmf-dist/tex/generic/tex4ht/ht
ml5.4ht
version 2023-10-09-13:31
))
(/opt/homebrew/Cellar/texlive/20240312_3/share/texmf-dist/tex/generic/tex4ht/mu
lticol.4ht
version 2022-04-29-14:33

(/opt/homebrew/Cellar/texlive/20240312_3/share/texmf-dist/tex/generic/tex4ht/ht
ml4.4ht
version 2024-02-29-14:09
)
(/opt/homebrew/Cellar/texlive/20240312_3/share/texmf-dist/tex/generic/tex4ht/un
icode.4ht
version 2023-04-02-08:01
)
(/opt/homebrew/Cellar/texlive/20240312_3/share/texmf-dist/tex/generic/tex4ht/ht
ml4-math.4ht
version 2022-10-25-13:59
)
(/opt/homebrew/Cellar/texlive/20240312_3/share/texmf-dist/tex/generic/tex4ht/ht
ml5.4ht
version 2023-10-09-13:31
))
(/opt/homebrew/Cellar/texlive/20240312_3/share/texmf-dist/tex/generic/tex4ht/su
bfigure.4ht
version 2009-05-21-09:32

(/opt/homebrew/Cellar/texlive/20240312_3/share/texmf-dist/tex/generic/tex4ht/ht
ml4.4ht
version 2024-02-29-14:09
)
(/opt/homebrew/Cellar/texlive/20240312_3/share/texmf-dist/tex/generic/tex4ht/un
icode.4ht
version 2023-04-02-08:01
)
(/opt/homebrew/Cellar/texlive/20240312_3/share/texmf-dist/tex/generic/tex4ht/ht
ml4-math.4ht
version 2022-10-25-13:59
)
(/opt/homebrew/Cellar/texlive/20240312_3/share/texmf-dist/tex/generic/tex4ht/ht
ml5.4ht
version 2023-10-09-13:31
))
(/opt/homebrew/Cellar/texlive/20240312_3/share/texmf-dist/tex/generic/tex4ht/uc
s.4ht
version 2009-05-21-09:32
)
(/opt/homebrew/Cellar/texlive/20240312_3/share/texmf-dist/tex/generic/tex4ht/fl
oat.4ht
version 2009-05-21-09:32

(/opt/homebrew/Cellar/texlive/20240312_3/share/texmf-dist/tex/generic/tex4ht/ht
ml4.4ht
version 2024-02-29-14:09
)
(/opt/homebrew/Cellar/texlive/20240312_3/share/texmf-dist/tex/generic/tex4ht/un
icode.4ht
version 2023-04-02-08:01
)
(/opt/homebrew/Cellar/texlive/20240312_3/share/texmf-dist/tex/generic/tex4ht/ht
ml4-math.4ht
version 2022-10-25-13:59
)
(/opt/homebrew/Cellar/texlive/20240312_3/share/texmf-dist/tex/generic/tex4ht/ht
ml5.4ht
version 2023-10-09-13:31
))
(/opt/homebrew/Cellar/texlive/20240312_3/share/texmf-dist/tex/generic/tex4ht/ve
rbatim.4ht
version 2021-07-04-09:13

(/opt/homebrew/Cellar/texlive/20240312_3/share/texmf-dist/tex/generic/tex4ht/ht
ml4.4ht
version 2024-02-29-14:09
)
(/opt/homebrew/Cellar/texlive/20240312_3/share/texmf-dist/tex/generic/tex4ht/un
icode.4ht
version 2023-04-02-08:01
)
(/opt/homebrew/Cellar/texlive/20240312_3/share/texmf-dist/tex/generic/tex4ht/ht
ml4-math.4ht
version 2022-10-25-13:59
)
(/opt/homebrew/Cellar/texlive/20240312_3/share/texmf-dist/tex/generic/tex4ht/ht
ml5.4ht
version 2023-10-09-13:31
))
(/opt/homebrew/Cellar/texlive/20240312_3/share/texmf-dist/tex/generic/tex4ht/dv
ipsnam.4ht
version 2009-05-21-09:32

(/opt/homebrew/Cellar/texlive/20240312_3/share/texmf-dist/tex/latex/graphics/dv
ipsnam.def)
(/opt/homebrew/Cellar/texlive/20240312_3/share/texmf-dist/tex/generic/tex4ht/ht
ml4.4ht
version 2024-02-29-14:09
)
(/opt/homebrew/Cellar/texlive/20240312_3/share/texmf-dist/tex/generic/tex4ht/un
icode.4ht
version 2023-04-02-08:01
)
(/opt/homebrew/Cellar/texlive/20240312_3/share/texmf-dist/tex/generic/tex4ht/ht
ml4-math.4ht
version 2022-10-25-13:59
)
(/opt/homebrew/Cellar/texlive/20240312_3/share/texmf-dist/tex/generic/tex4ht/ht
ml5.4ht
version 2023-10-09-13:31
))
(/opt/homebrew/Cellar/texlive/20240312_3/share/texmf-dist/tex/generic/tex4ht/xc
olor.4ht
version 2023-12-03-13:24

(/opt/homebrew/Cellar/texlive/20240312_3/share/texmf-dist/tex/generic/tex4ht/co
lor.4ht
version 2022-02-01-14:27
)
(/opt/homebrew/Cellar/texlive/20240312_3/share/texmf-dist/tex/generic/tex4ht/ht
ml4.4ht
version 2024-02-29-14:09
)
(/opt/homebrew/Cellar/texlive/20240312_3/share/texmf-dist/tex/generic/tex4ht/un
icode.4ht
version 2023-04-02-08:01
)
(/opt/homebrew/Cellar/texlive/20240312_3/share/texmf-dist/tex/generic/tex4ht/ht
ml4-math.4ht
version 2022-10-25-13:59
)
(/opt/homebrew/Cellar/texlive/20240312_3/share/texmf-dist/tex/generic/tex4ht/ht
ml5.4ht
version 2023-10-09-13:31
))
(/opt/homebrew/Cellar/texlive/20240312_3/share/texmf-dist/tex/generic/tex4ht/if
then.4ht
version 2022-06-08-14:13

(/opt/homebrew/Cellar/texlive/20240312_3/share/texmf-dist/tex/generic/tex4ht/ht
ml4.4ht
version 2024-02-29-14:09
)
(/opt/homebrew/Cellar/texlive/20240312_3/share/texmf-dist/tex/generic/tex4ht/un
icode.4ht
version 2023-04-02-08:01
)
(/opt/homebrew/Cellar/texlive/20240312_3/share/texmf-dist/tex/generic/tex4ht/ht
ml4-math.4ht
version 2022-10-25-13:59
)
(/opt/homebrew/Cellar/texlive/20240312_3/share/texmf-dist/tex/generic/tex4ht/ht
ml5.4ht
version 2023-10-09-13:31
))
(/opt/homebrew/Cellar/texlive/20240312_3/share/texmf-dist/tex/generic/tex4ht/ht
ml4.4ht
version 2024-02-29-14:09
)
(/opt/homebrew/Cellar/texlive/20240312_3/share/texmf-dist/tex/generic/tex4ht/un
icode.4ht
version 2023-04-02-08:01
)
(/opt/homebrew/Cellar/texlive/20240312_3/share/texmf-dist/tex/generic/tex4ht/ht
ml4-math.4ht
version 2022-10-25-13:59
)
(/opt/homebrew/Cellar/texlive/20240312_3/share/texmf-dist/tex/generic/tex4ht/ht
ml5.4ht
version 2023-10-09-13:31
))
\catcode `\^=7
(./Saunkin.aux
LaTeX Font Info:    Trying to load font information for LGR+cmr on input line 9
.

(/opt/homebrew/Cellar/texlive/20240312_3/share/texmf-dist/tex/latex/cbfonts-fd/
lgrcmr.fd
File: lgrcmr.fd 2017/07/29 v1.2 Greek European Computer Regular
) (./chapters/ch1-introduction.aux) (./chapters/ch2-related_system.aux) (./chap
ters/ch3-Medical_e-Learning_system.aux

LaTeX Warning: Label `lin:saving-use-s' multiply defined.

) (./chapters/ch4-Usage_Medical_e-Learning.aux) (./chapters/ch5-android_app.aux
) (./chapters/ch6-Conclusions.aux) (./chapters/example.aux))
\openout1 = `Saunkin.aux'.

LaTeX Font Info:    Checking defaults for OML/cmm/m/it on input line 41.
LaTeX Font Info:    ... okay on input line 41.
LaTeX Font Info:    Checking defaults for OMS/cmsy/m/n on input line 41.
LaTeX Font Info:    ... okay on input line 41.
LaTeX Font Info:    Checking defaults for OT1/cmr/m/n on input line 41.
LaTeX Font Info:    ... okay on input line 41.
LaTeX Font Info:    Checking defaults for T1/cmr/m/n on input line 41.
LaTeX Font Info:    ... okay on input line 41.
LaTeX Font Info:    Checking defaults for TS1/cmr/m/n on input line 41.
LaTeX Font Info:    ... okay on input line 41.
LaTeX Font Info:    Checking defaults for OMX/cmex/m/n on input line 41.
LaTeX Font Info:    ... okay on input line 41.
LaTeX Font Info:    Checking defaults for U/cmr/m/n on input line 41.
LaTeX Font Info:    ... okay on input line 41.
LaTeX Font Info:    Checking defaults for PD1/pdf/m/n on input line 41.
LaTeX Font Info:    ... okay on input line 41.
LaTeX Font Info:    Checking defaults for PU/pdf/m/n on input line 41.
LaTeX Font Info:    ... okay on input line 41.
LaTeX Font Info:    Checking defaults for LGR/cmr/m/n on input line 41.
LaTeX Font Info:    ... okay on input line 41.
Package hyperref Info: Link coloring ON on input line 41.

(/opt/homebrew/Cellar/texlive/20240312_3/share/texmf-dist/tex/latex/greek-fonte
nc/puenc-greek.def
File: puenc-greek.def 2023-09-12 2.5 Greek LICRs for PDF strings

(/opt/homebrew/Cellar/texlive/20240312_3/share/texmf-dist/tex/latex/greek-fonte
nc/greek-fontenc.def
File: greek-fontenc.def 2023-09-12 2.5 Common Greek font encoding definitions
))
LaTeX Info: Redefining \Upsilon on input line 41.
LaTeX Info: Redefining \Omega on input line 41.
LaTeX Info: Redefining \alpha on input line 41.
LaTeX Info: Redefining \epsilon on input line 41.
LaTeX Info: Redefining \eta on input line 41.
LaTeX Info: Redefining \iota on input line 41.
LaTeX Info: Redefining \rho on input line 41.
LaTeX Info: Redefining \upsilon on input line 41.
LaTeX Info: Redefining \omega on input line 41.
\c@lstlisting=\count342

(/opt/homebrew/Cellar/texlive/20240312_3/share/texmf-dist/tex/latex/ucs/ucsencs
.def
File: ucsencs.def 2011/01/21 Fixes to fontencodings LGR, T3
LGR\textpentedeka already defined.
LGR\textpenteqilioi already defined.
LGR\textpentemuria already defined.
LGR\textstigma already defined.
LGR\textqoppa already defined.
LGR\texteuro already defined.
LGR\textperthousand already defined.
LGR\textquoteleft already defined.
LGR\textquoteright already defined.
LGR\u already defined.
LGR\= already defined.
LGR\" already defined.
LGR\textpercent already defined.
LGR\textperiodcentered already defined.
LGR\' already defined.
LGR\textanoteleia already defined.
LGR\textAlpha already defined.
LGR\textBeta already defined.
LGR\textDelta already defined.
LGR\textEpsilon already defined.
LGR\textPhi already defined.
LGR\textGamma already defined.
LGR\textEta already defined.
LGR\textIota already defined.
LGR\textTheta already defined.
LGR\textKappa already defined.
LGR\textLambda already defined.
LGR\textMu already defined.
LGR\textNu already defined.
LGR\textOmicron already defined.
LGR\textPi already defined.
LGR\textChi already defined.
LGR\textRho already defined.
LGR\textSigma already defined.
LGR\textTau already defined.
LGR\textUpsilon already defined.
LGR\textOmega already defined.
LGR\textXi already defined.
LGR\textPsi already defined.
LGR\textZeta already defined.
LGR\` already defined.
LGR\textalpha already defined.
LGR\textbeta already defined.
LGR\textvarsigma already defined.
LGR\textdelta already defined.
LGR\textepsilon already defined.
LGR\textphi already defined.
LGR\textgamma already defined.
LGR\texteta already defined.
LGR\textiota already defined.
LGR\texttheta already defined.
LGR\textkappa already defined.
LGR\textlambda already defined.
LGR\textmu already defined.
LGR\textnu already defined.
LGR\textomicron already defined.
LGR\textpi already defined.
LGR\textchi already defined.
LGR\textrho already defined.
LGR\textautosigma already defined.
LGR\textsigma already defined.
LGR\texttau already defined.
LGR\textupsilon already defined.
LGR\textomega already defined.
LGR\textxi already defined.
LGR\textpsi already defined.
LGR\textzeta already defined.
LGR\guillemotleft already defined.
LGR\guillemotright already defined.
LGR\~ already defined.
LGR\textemdash already defined.
LGR\textdigamma already defined.
LGR\textDigamma already defined.
LGR\textdexiakeraia already defined.
LGR\textaristerikeraia already defined.
fontencoding LGR patched
)
babelbib: Use citation-dependent languages in bibliography
babelbib: Set bibliography fall-back language to english

(/opt/homebrew/Cellar/texlive/20240312_3/share/texmf-dist/tex/generic/tex4ht/ba
bel-sty-hooks.4ht
version 2022-11-21-13:02

! LaTeX cmd Error: Command '\:babelfont' already defined.

For immediate help type H <return>.
 ...                                              
                                                  
l.28 \NewDocumentCommand\:babelfont{o m o m}{}
                                              

You have used \NewDocumentCommand with a command that already has a
definition.

The existing definition of '\:babelfont' will not be altered.


)
babelbib: english.bdf loaded because language english defined.

(/opt/homebrew/Cellar/texlive/20240312_3/share/texmf-dist/tex/latex/babelbib/en
glish.bdf
File: english.bdf 2021/01/06 v1.34 babelbib: multilingual bibliographies
babelbib extension \bibsenglish added to \extrasenglish
babelbib extension \btxifchangecaseon added to \extrasenglish
)
babelbib: greek.bdf loaded because language greek defined.

(/opt/homebrew/Cellar/texlive/20240312_3/share/texmf-dist/tex/latex/babelbib/gr
eek.bdf
File: greek.bdf 2021/01/06 v1.34 babelbib: multilingual bibliographies
babelbib extension \bibsgreek added to \extrasgreek
babelbib extension \btxifchangecaseoff added to \extrasgreek
)
--- file Saunkin.css ---
(./include/matterfront.tex [1

] [2

]
l.20 --- TeX4ht warning --- File `"include/logo-uop.xbb"' not found ---
l.20 --- TeX4ht warning --- Cannot determine size of graphic in "include/logo-u
op.xbb" (no BoundingBox) ---
l. 20 --- needs --- include/logo-uop.jpg ---
LaTeX Font Info:    Trying to load font information for U+msa on input line 33.


(/opt/homebrew/Cellar/texlive/20240312_3/share/texmf-dist/tex/latex/amsfonts/um
sa.fd
File: umsa.fd 2013/01/14 v3.01 AMS symbols A
)
LaTeX Font Info:    Trying to load font information for U+msb on input line 33.


(/opt/homebrew/Cellar/texlive/20240312_3/share/texmf-dist/tex/latex/amsfonts/um
sb.fd
File: umsb.fd 2013/01/14 v3.01 AMS symbols B
) [1] [2] [3] [4]
l.75 --- TeX4ht warning --- File `"include/logo-uop.xbb"' not found ---
l.75 --- TeX4ht warning --- Cannot determine size of graphic in "include/logo-u
op.xbb" (no BoundingBox) ---
l. 75 --- needs --- include/logo-uop.jpg ---
[5

] [6] [1

] [2

] [3] [4

] [5

] [6

] [7

] [8

]
LaTeX Font Info:    Trying to load font information for LGR+cmtt on input line 
146.

(/opt/homebrew/Cellar/texlive/20240312_3/share/texmf-dist/tex/latex/cbfonts-fd/
lgrcmtt.fd
File: lgrcmtt.fd 2017/07/29 v1.2 Greek European Computer Typewriter
) (./Saunkin.4ct [9

] [10]) [11] [12

] [13] [14

] (./Saunkin.4ct) [15] [16

] [17] [18

]) [1]
\openout2 = `chapters/ch1-introduction.aux'.

(./chapters/ch1-introduction.tex [2

]
Chapter 1.
[3

] [4] [5] [6]) [7] [8

] [9

]
\openout2 = `chapters/ch2-related_system.aux'.

(./chapters/ch2-related_system.tex [10

]
\textKappa \textepsilon \textphi \acctonos \textalpha \textlambda \textalpha \t
extiota \textomicron  2.

Package natbib Warning: Citation `Lamport86' on page 11 undefined on input line
 12.


Package natbib Warning: Citation `Lamport86' on page 11 undefined on input line
 20.

[11

]
LaTeX Font Info:    Trying to load font information for OMS+cmtt on input line 
36.
LaTeX Font Info:    No file OMScmtt.fd. on input line 36.

LaTeX Font Warning: Font shape `OMS/cmtt/m/n' undefined
(Font)              using `OMS/cmsy/m/n' instead
(Font)              for symbol `textbackslash' on input line 36.

[12]
LaTeX Font Info:    Trying to load font information for OMS+cmr on input line 5
2.

(/opt/homebrew/Cellar/texlive/20240312_3/share/texmf-dist/tex/latex/base/omscmr
.fd
File: omscmr.fd 2023/04/13 v2.5m Standard LaTeX font definitions
)
LaTeX Font Info:    Font shape `OMS/cmr/m/n' in size <12> not available
(Font)              Font shape `OMS/cmsy/m/n' tried instead on input line 52.

(/opt/homebrew/Cellar/texlive/20240312_3/share/texmf-dist/tex/latex/listings/ls
tlang1.sty
File: lstlang1.sty 2024/02/21 1.10 listings language file
)
(/opt/homebrew/Cellar/texlive/20240312_3/share/texmf-dist/tex/latex/listings/ls
tlang2.sty
File: lstlang2.sty 2024/02/21 1.10 listings language file
)
(/opt/homebrew/Cellar/texlive/20240312_3/share/texmf-dist/tex/latex/listings/ls
tlang3.sty
File: lstlang3.sty 2024/02/21 1.10 listings language file
)
(/opt/homebrew/Cellar/texlive/20240312_3/share/texmf-dist/tex/latex/listings/ls
tlang1.sty
File: lstlang1.sty 2024/02/21 1.10 listings language file
)
(/opt/homebrew/Cellar/texlive/20240312_3/share/texmf-dist/tex/latex/listings/ls
tlang2.sty
File: lstlang2.sty 2024/02/21 1.10 listings language file
)
(/opt/homebrew/Cellar/texlive/20240312_3/share/texmf-dist/tex/latex/listings/ls
tlang3.sty
File: lstlang3.sty 2024/02/21 1.10 listings language file
)
(/opt/homebrew/Cellar/texlive/20240312_3/share/texmf-dist/tex/latex/listings/ls
tlang1.sty
File: lstlang1.sty 2024/02/21 1.10 listings language file
)
(/opt/homebrew/Cellar/texlive/20240312_3/share/texmf-dist/tex/latex/listings/ls
tlang2.sty
File: lstlang2.sty 2024/02/21 1.10 listings language file
)
(/opt/homebrew/Cellar/texlive/20240312_3/share/texmf-dist/tex/latex/listings/ls
tlang3.sty
File: lstlang3.sty 2024/02/21 1.10 listings language file
)
(/opt/homebrew/Cellar/texlive/20240312_3/share/texmf-dist/tex/latex/listings/ls
tmisc.sty
File: lstmisc.sty 2024/02/21 1.10 (Carsten Heinz)
) [13]

Package natbib Warning: Citation `Lamport86' on page 14 undefined on input line
 88.

[14] [15] [16] [17]

Package natbib Warning: Citation `Lamport86' on page 18 undefined on input line
 121.

[18] [19

] [20

]
(/opt/homebrew/Cellar/texlive/20240312_3/share/texmf-dist/tex/latex/listings/ls
tlang1.sty
File: lstlang1.sty 2024/02/21 1.10 listings language file
)
(/opt/homebrew/Cellar/texlive/20240312_3/share/texmf-dist/tex/latex/listings/ls
tlang1.sty
File: lstlang1.sty 2024/02/21 1.10 listings language file
)
(/opt/homebrew/Cellar/texlive/20240312_3/share/texmf-dist/tex/latex/listings/ls
tmisc.sty
File: lstmisc.sty 2024/02/21 1.10 (Carsten Heinz)
) [21

] [22

] [23

] [24

] [25

] [26

] [27] [28]
l. 239 Writing Saunkin.idv[1] (Saunkin0x.png)
l. 245 Writing Saunkin.idv[2] (Saunkin1x.png)
[29

] [30] [31

]
l.263 --- TeX4ht warning --- File `"figures/example.xbb"' not found ---
l.263 --- TeX4ht warning --- Cannot determine size of graphic in "figures/examp
le.xbb" (no BoundingBox) ---
l. 263 --- needs --- figures/example.jpg ---
[32

] [33

] [34] [35]) [36]
\openout2 = `chapters/ch3-Medical_e-Learning_system.aux'.

(./chapters/ch3-Medical_e-Learning_system.tex [37



] [38

]
\textKappa \textepsilon \textphi \acctonos \textalpha \textlambda \textalpha \t
extiota \textomicron  3.
[39]

Package natbib Warning: Citation `apache' on page 40 undefined on input line 28
.


Package natbib Warning: Citation `apache_wiki' on page 40 undefined on input li
ne 28.


Package natbib Warning: Citation `postgres' on page 40 undefined on input line 
31.

[40]

Package natbib Warning: Citation `html' on page 41 undefined on input line 34.

[41]

Package natbib Warning: Citation `www11' on page 42 undefined on input line 52.



Package natbib Warning: Citation `www11' on page 42 undefined on input line 55.



Package natbib Warning: Citation `jquery' on page 42 undefined on input line 58
.

[42] [43] [44

] [45

] [46

] [47

] [48

] [49

] [50

]

Package relsize Warning: Font size 5.55556pt is too small.
(relsize)                Using 6.0pt instead on input line 146.

[51

] [52

] [53

]

Package relsize Warning: Font size 5.55556pt is too small.
(relsize)                Using 6.0pt instead on input line 169.


Package relsize Warning: Font size 5.55556pt is too small.
(relsize)                Using 6.0pt instead on input line 180.


Package relsize Warning: Font size 5.55556pt is too small.
(relsize)                Using 6.0pt instead on input line 180.


Package relsize Warning: Font size 5.55556pt is too small.
(relsize)                Using 6.0pt instead on input line 180.


Package relsize Warning: Font size 5.55556pt is too small.
(relsize)                Using 6.0pt instead on input line 180.


Package relsize Warning: Font size 5.55556pt is too small.
(relsize)                Using 6.0pt instead on input line 180.


Package relsize Warning: Font size 5.55556pt is too small.
(relsize)                Using 6.0pt instead on input line 180.


Package relsize Warning: Font size 5.55556pt is too small.
(relsize)                Using 6.0pt instead on input line 180.


Package relsize Warning: Font size 5.55556pt is too small.
(relsize)                Using 6.0pt instead on input line 190.


Package relsize Warning: Font size 5.55556pt is too small.
(relsize)                Using 6.0pt instead on input line 190.


Package relsize Warning: Font size 5.55556pt is too small.
(relsize)                Using 6.0pt instead on input line 190.


Package relsize Warning: Font size 5.55556pt is too small.
(relsize)                Using 6.0pt instead on input line 190.


Package relsize Warning: Font size 5.55556pt is too small.
(relsize)                Using 6.0pt instead on input line 190.


Package relsize Warning: Font size 5.55556pt is too small.
(relsize)                Using 6.0pt instead on input line 190.


Package relsize Warning: Font size 5.55556pt is too small.
(relsize)                Using 6.0pt instead on input line 190.


Package relsize Warning: Font size 5.55556pt is too small.
(relsize)                Using 6.0pt instead on input line 190.

[54

] [55] [56] [57

] [58

]

Package relsize Warning: Font size 5.55556pt is too small.
(relsize)                Using 6.0pt instead on input line 204.

[59

] [60] [61] [62

] [63

]

Package relsize Warning: Font size 5.55556pt is too small.
(relsize)                Using 6.0pt instead on input line 231.


Package relsize Warning: Font size 5.55556pt is too small.
(relsize)                Using 6.0pt instead on input line 240.


Package relsize Warning: Font size 5.55556pt is too small.
(relsize)                Using 6.0pt instead on input line 240.


Package relsize Warning: Font size 5.55556pt is too small.
(relsize)                Using 6.0pt instead on input line 240.


Package relsize Warning: Font size 5.55556pt is too small.
(relsize)                Using 6.0pt instead on input line 240.


Package relsize Warning: Font size 5.55556pt is too small.
(relsize)                Using 6.0pt instead on input line 248.


Package relsize Warning: Font size 5.55556pt is too small.
(relsize)                Using 6.0pt instead on input line 248.


Package relsize Warning: Font size 5.55556pt is too small.
(relsize)                Using 6.0pt instead on input line 248.


Package relsize Warning: Font size 5.55556pt is too small.
(relsize)                Using 6.0pt instead on input line 248.


Package relsize Warning: Font size 5.55556pt is too small.
(relsize)                Using 6.0pt instead on input line 248.


Package relsize Warning: Font size 5.55556pt is too small.
(relsize)                Using 6.0pt instead on input line 248.


Package relsize Warning: Font size 5.55556pt is too small.
(relsize)                Using 6.0pt instead on input line 250.


Package relsize Warning: Font size 5.55556pt is too small.
(relsize)                Using 6.0pt instead on input line 304.


Package relsize Warning: Font size 5.55556pt is too small.
(relsize)                Using 6.0pt instead on input line 304.


Package relsize Warning: Font size 5.55556pt is too small.
(relsize)                Using 6.0pt instead on input line 304.


Package relsize Warning: Font size 5.55556pt is too small.
(relsize)                Using 6.0pt instead on input line 304.


Package relsize Warning: Font size 5.55556pt is too small.
(relsize)                Using 6.0pt instead on input line 304.


Package relsize Warning: Font size 5.55556pt is too small.
(relsize)                Using 6.0pt instead on input line 304.


Package relsize Warning: Font size 5.55556pt is too small.
(relsize)                Using 6.0pt instead on input line 304.


Package relsize Warning: Font size 5.55556pt is too small.
(relsize)                Using 6.0pt instead on input line 304.


Package relsize Warning: Font size 5.55556pt is too small.
(relsize)                Using 6.0pt instead on input line 304.


Package relsize Warning: Font size 5.55556pt is too small.
(relsize)                Using 6.0pt instead on input line 304.


Package relsize Warning: Font size 5.55556pt is too small.
(relsize)                Using 6.0pt instead on input line 304.


Package relsize Warning: Font size 5.55556pt is too small.
(relsize)                Using 6.0pt instead on input line 304.


Package relsize Warning: Font size 5.55556pt is too small.
(relsize)                Using 6.0pt instead on input line 304.


Package relsize Warning: Font size 5.55556pt is too small.
(relsize)                Using 6.0pt instead on input line 304.


Package relsize Warning: Font size 5.55556pt is too small.
(relsize)                Using 6.0pt instead on input line 304.


Package relsize Warning: Font size 5.55556pt is too small.
(relsize)                Using 6.0pt instead on input line 304.


Package relsize Warning: Font size 5.55556pt is too small.
(relsize)                Using 6.0pt instead on input line 304.


Package relsize Warning: Font size 5.55556pt is too small.
(relsize)                Using 6.0pt instead on input line 304.

[64

] [65] [66]) [67

] [68

] [69

]
\openout2 = `chapters/ch4-Usage_Medical_e-Learning.aux'.

(./chapters/ch4-Usage_Medical_e-Learning.tex [70

]
\textKappa \textepsilon \textphi \acctonos \textalpha \textlambda \textalpha \t
extiota \textomicron  4.
[71

] [72

] [73

] [74

] [75

] [76

] [77

] [78

] [79

] [80

] [81

] [82

]) [83

] [84] [85

] [86

]
\openout2 = `chapters/ch5-android_app.aux'.

(./chapters/ch5-android_app.tex [87

] [88

]
\textKappa \textepsilon \textphi \acctonos \textalpha \textlambda \textalpha \t
extiota \textomicron  5.

Package natbib Warning: Citation `android' on page 89 undefined on input line 1
5.

[89] [90

] [91

]

Package natbib Warning: Citation `android_studio' on page 92 undefined on input
 line 33.

[92

] [93] [94

] [95

]) [96

] [97

] [98

]
\openout2 = `chapters/ch6-Conclusions.aux'.

(./chapters/ch6-Conclusions.tex [99

] [100

]
\textKappa \textepsilon \textphi \acctonos \textalpha \textlambda \textalpha \t
extiota \textomicron  6.
) [101]
\openout2 = `chapters/example.aux'.

(./chapters/example.tex [102




]
\textKappa \textepsilon \textphi \acctonos \textalpha \textlambda \textalpha \t
extiota \textomicron  7.

Package natbib Warning: Citation `postgres' on page 103 undefined on input line
 3.

[103] [104

]
l.11 --- TeX4ht warning --- File `"figures/example.xbb"' not found ---
l.11 --- TeX4ht warning --- Cannot determine size of graphic in "figures/exampl
e.xbb" (no BoundingBox) ---
l. 11 --- needs --- figures/example.jpg ---
[105

] [106

] [107

]
(/opt/homebrew/Cellar/texlive/20240312_3/share/texmf-dist/tex/latex/listings/ls
tlang1.sty
File: lstlang1.sty 2024/02/21 1.10 listings language file
)
(/opt/homebrew/Cellar/texlive/20240312_3/share/texmf-dist/tex/latex/listings/ls
tmisc.sty
File: lstmisc.sty 2024/02/21 1.10 (Carsten Heinz)
) [108

]) [109

] [110

] [111

] [112

] [113]
No file Saunkin.bbl.
No file Saunkin.ind.

Package natbib Warning: There were undefined citations.

[114] (./Saunkin.aux (./chapters/ch1-introduction.aux) (./chapters/ch2-related_
system.aux) (./chapters/ch3-Medical_e-Learning_system.aux) (./chapters/ch4-Usag
e_Medical_e-Learning.aux) (./chapters/ch5-android_app.aux) (./chapters/ch6-Conc
lusions.aux) (./chapters/example.aux))
 ***********
LaTeX2e <2023-11-01> patch level 1
L3 programming layer <2024-02-20>
 ***********

LaTeX Font Warning: Some font shapes were not available, defaults substituted.


LaTeX Warning: There were multiply-defined labels.

 ) 
Here is how much of TeX's memory you used:
 26610 strings out of 474117
 437963 string characters out of 5732639
 1978184 words of memory out of 5000000
 48125 multiletter control sequences out of 15000+600000
 583960 words of font info for 105 fonts, out of 8000000 for 9000
 1141 hyphenation exceptions out of 8191
 88i,18n,112p,3168b,2144s stack positions out of 10000i,1000n,20000p,200000b,200000s

Output written on Saunkin.dvi (140 pages, 226868 bytes).
